<?xml version="1.0" encoding="UTF-8"?>
<coverage generated="1694828548382" clover="3.2.0">
  <project timestamp="1694828548382" name="All files">
    <metrics statements="160" coveredstatements="122" conditionals="113" coveredconditionals="87" methods="52" coveredmethods="31" elements="325" coveredelements="240" complexity="0" loc="160" ncloc="160" packages="1" files="2" classes="2"/>
    <file name="tictactoe.js" path="/home/peter/Code/tictactoe/tictactoe.js">
      <metrics statements="99" coveredstatements="94" conditionals="74" coveredconditionals="70" methods="30" coveredmethods="30"/>
      <line num="2" count="40" type="stmt"/>
      <line num="4" count="1" type="stmt"/>
      <line num="6" count="1" type="stmt"/>
      <line num="7" count="3" type="stmt"/>
      <line num="8" count="3" type="stmt"/>
      <line num="9" count="3" type="stmt"/>
      <line num="13" count="1" type="stmt"/>
      <line num="14" count="1" type="stmt"/>
      <line num="15" count="3" type="stmt"/>
      <line num="16" count="3" type="stmt"/>
      <line num="17" count="9" type="stmt"/>
      <line num="18" count="9" type="stmt"/>
      <line num="19" count="9" type="stmt"/>
      <line num="24" count="1" type="stmt"/>
      <line num="26" count="3" type="cond" truecount="6" falsecount="0"/>
      <line num="27" count="3" type="cond" truecount="6" falsecount="0"/>
      <line num="33" count="1" type="stmt"/>
      <line num="36" count="1" type="stmt"/>
      <line num="37" count="1006" type="cond" truecount="4" falsecount="1"/>
      <line num="38" count="0" type="stmt"/>
      <line num="40" count="1006" type="stmt"/>
      <line num="41" count="3018" type="cond" truecount="4" falsecount="1"/>
      <line num="42" count="0" type="stmt"/>
      <line num="44" count="3018" type="cond" truecount="1" falsecount="1"/>
      <line num="46" count="9054" type="cond" truecount="4" falsecount="0"/>
      <line num="49" count="0" type="stmt"/>
      <line num="55" count="1" type="stmt"/>
      <line num="56" count="105" type="cond" truecount="3" falsecount="1"/>
      <line num="57" count="0" type="stmt"/>
      <line num="58" count="0" type="stmt"/>
      <line num="60" count="105" type="stmt"/>
      <line num="61" count="315" type="stmt"/>
      <line num="62" count="945" type="cond" truecount="2" falsecount="0"/>
      <line num="63" count="205" type="stmt"/>
      <line num="65" count="740" type="stmt"/>
      <line num="72" count="105" type="stmt"/>
      <line num="73" count="784" type="stmt"/>
      <line num="74" count="784" type="stmt"/>
      <line num="75" count="1248" type="stmt"/>
      <line num="76" count="2869" type="cond" truecount="4" falsecount="0"/>
      <line num="77" count="776" type="stmt"/>
      <line num="81" count="8" type="stmt"/>
      <line num="85" count="1" type="stmt"/>
      <line num="86" count="105" type="stmt"/>
      <line num="87" count="105" type="stmt"/>
      <line num="95" count="1" type="stmt"/>
      <line num="96" count="11" type="stmt"/>
      <line num="99" count="99" type="cond" truecount="2" falsecount="0"/>
      <line num="106" count="1" type="stmt"/>
      <line num="107" count="117" type="stmt"/>
      <line num="108" count="117" type="cond" truecount="4" falsecount="0"/>
      <line num="109" count="2" type="stmt"/>
      <line num="111" count="115" type="stmt"/>
      <line num="112" count="115" type="cond" truecount="4" falsecount="0"/>
      <line num="113" count="1" type="stmt"/>
      <line num="115" count="114" type="cond" truecount="4" falsecount="0"/>
      <line num="116" count="2" type="stmt"/>
      <line num="118" count="112" type="cond" truecount="4" falsecount="0"/>
      <line num="119" count="4" type="stmt"/>
      <line num="121" count="108" type="cond" truecount="4" falsecount="0"/>
      <line num="122" count="2" type="stmt"/>
      <line num="124" count="106" type="cond" truecount="2" falsecount="0"/>
      <line num="125" count="1" type="stmt"/>
      <line num="127" count="105" type="stmt"/>
      <line num="128" count="315" type="stmt"/>
      <line num="129" count="315" type="cond" truecount="2" falsecount="0"/>
      <line num="130" count="105" type="stmt"/>
      <line num="132" count="315" type="stmt"/>
      <line num="134" count="105" type="stmt"/>
      <line num="138" count="1" type="stmt"/>
      <line num="139" count="34" type="stmt"/>
      <line num="140" count="34" type="stmt"/>
      <line num="141" count="34" type="stmt"/>
      <line num="142" count="34" type="stmt"/>
      <line num="143" count="34" type="stmt"/>
      <line num="144" count="34" type="stmt"/>
      <line num="145" count="34" type="stmt"/>
      <line num="147" count="119" type="cond" truecount="2" falsecount="0"/>
      <line num="148" count="1" type="stmt"/>
      <line num="149" count="1" type="stmt"/>
      <line num="151" count="118" type="cond" truecount="2" falsecount="0"/>
      <line num="152" count="1" type="stmt"/>
      <line num="153" count="1" type="stmt"/>
      <line num="155" count="117" type="stmt"/>
      <line num="156" count="105" type="stmt"/>
      <line num="157" count="105" type="stmt"/>
      <line num="158" count="105" type="cond" truecount="2" falsecount="0"/>
      <line num="159" count="105" type="stmt"/>
      <line num="160" count="105" type="cond" truecount="2" falsecount="0"/>
      <line num="161" count="8" type="stmt"/>
      <line num="162" count="8" type="stmt"/>
      <line num="164" count="105" type="cond" truecount="2" falsecount="0"/>
      <line num="165" count="2" type="stmt"/>
      <line num="168" count="208" type="stmt"/>
      <line num="169" count="11" type="stmt"/>
      <line num="170" count="11" type="stmt"/>
      <line num="171" count="22" type="stmt"/>
      <line num="172" count="13" type="stmt"/>
      <line num="181" count="1" type="stmt"/>
    </file>
    <file name="utils.js" path="/home/peter/Code/tictactoe/utils.js">
      <metrics statements="61" coveredstatements="28" conditionals="39" coveredconditionals="17" methods="22" coveredmethods="1"/>
      <line num="1" count="1" type="stmt"/>
      <line num="4" count="22" type="stmt"/>
      <line num="5" count="22" type="cond" truecount="2" falsecount="0"/>
      <line num="6" count="22" type="stmt"/>
      <line num="7" count="22" type="cond" truecount="2" falsecount="0"/>
      <line num="8" count="101" type="cond" truecount="2" falsecount="0"/>
      <line num="10" count="101" type="stmt"/>
      <line num="11" count="101" type="cond" truecount="2" falsecount="0"/>
      <line num="12" count="10" type="cond" truecount="2" falsecount="0"/>
      <line num="13" count="10" type="cond" truecount="2" falsecount="0"/>
      <line num="14" count="2" type="cond" truecount="2" falsecount="0"/>
      <line num="15" count="2" type="stmt"/>
      <line num="17" count="8" type="cond" truecount="2" falsecount="0"/>
      <line num="20" count="99" type="stmt"/>
      <line num="22" count="20" type="stmt"/>
      <line num="25" count="1" type="stmt"/>
      <line num="26" count="0" type="stmt"/>
      <line num="28" count="0" type="stmt"/>
      <line num="31" count="0" type="stmt"/>
      <line num="32" count="0" type="stmt"/>
      <line num="33" count="0" type="stmt"/>
      <line num="34" count="0" type="stmt"/>
      <line num="36" count="0" type="stmt"/>
      <line num="39" count="1" type="stmt"/>
      <line num="83" count="0" type="cond" truecount="0" falsecount="2"/>
      <line num="84" count="0" type="stmt"/>
      <line num="86" count="0" type="stmt"/>
      <line num="87" count="0" type="cond" truecount="0" falsecount="4"/>
      <line num="88" count="0" type="stmt"/>
      <line num="90" count="0" type="stmt"/>
      <line num="91" count="0" type="cond" truecount="0" falsecount="2"/>
      <line num="93" count="0" type="stmt"/>
      <line num="94" count="0" type="stmt"/>
      <line num="96" count="0" type="stmt"/>
      <line num="97" count="0" type="stmt"/>
      <line num="98" count="0" type="stmt"/>
      <line num="99" count="0" type="stmt"/>
      <line num="100" count="0" type="cond" truecount="0" falsecount="4"/>
      <line num="101" count="0" type="stmt"/>
      <line num="105" count="0" type="cond" truecount="0" falsecount="2"/>
      <line num="106" count="0" type="stmt"/>
      <line num="109" count="0" type="cond" truecount="0" falsecount="2"/>
      <line num="110" count="0" type="stmt"/>
      <line num="112" count="0" type="stmt"/>
      <line num="115" count="1" type="stmt"/>
      <line num="116" count="0" type="cond" truecount="0" falsecount="4"/>
      <line num="118" count="1" type="cond" truecount="0" falsecount="1"/>
      <line num="119" count="0" type="stmt"/>
      <line num="121" count="1" type="stmt"/>
      <line num="123" count="1" type="stmt"/>
      <line num="125" count="1" type="stmt"/>
      <line num="127" count="1" type="stmt"/>
      <line num="129" count="1" type="stmt"/>
      <line num="131" count="1" type="stmt"/>
      <line num="132" count="0" type="stmt"/>
      <line num="134" count="0" type="stmt"/>
      <line num="137" count="1" type="stmt"/>
      <line num="138" count="0" type="stmt"/>
      <line num="140" count="1" type="cond" truecount="0" falsecount="1"/>
      <line num="141" count="0" type="stmt"/>
      <line num="143" count="1" type="stmt"/>
    </file>
  </project>
</coverage>
