<?xml version="1.0" encoding="UTF-8"?>
<coverage generated="1695740903237" clover="3.2.0">
  <project timestamp="1695740903237" name="All files">
    <metrics statements="272" coveredstatements="232" conditionals="186" coveredconditionals="153" methods="75" coveredmethods="53" elements="533" coveredelements="438" complexity="0" loc="272" ncloc="272" packages="2" files="3" classes="3"/>
    <package name="tictactoe">
      <metrics statements="61" coveredstatements="28" conditionals="39" coveredconditionals="17" methods="22" coveredmethods="1"/>
      <file name="utils.js" path="/home/peter/Code/tictactoe/utils.js">
        <metrics statements="61" coveredstatements="28" conditionals="39" coveredconditionals="17" methods="22" coveredmethods="1"/>
        <line num="1" count="1" type="stmt"/>
        <line num="4" count="23" type="stmt"/>
        <line num="5" count="23" type="cond" truecount="2" falsecount="0"/>
        <line num="6" count="23" type="stmt"/>
        <line num="7" count="23" type="cond" truecount="2" falsecount="0"/>
        <line num="8" count="109" type="cond" truecount="2" falsecount="0"/>
        <line num="10" count="109" type="stmt"/>
        <line num="11" count="109" type="cond" truecount="2" falsecount="0"/>
        <line num="12" count="11" type="cond" truecount="2" falsecount="0"/>
        <line num="13" count="11" type="cond" truecount="2" falsecount="0"/>
        <line num="14" count="2" type="cond" truecount="2" falsecount="0"/>
        <line num="15" count="2" type="stmt"/>
        <line num="17" count="9" type="cond" truecount="2" falsecount="0"/>
        <line num="20" count="107" type="stmt"/>
        <line num="22" count="21" type="stmt"/>
        <line num="25" count="1" type="stmt"/>
        <line num="26" count="0" type="stmt"/>
        <line num="28" count="0" type="stmt"/>
        <line num="31" count="0" type="stmt"/>
        <line num="32" count="0" type="stmt"/>
        <line num="33" count="0" type="stmt"/>
        <line num="34" count="0" type="stmt"/>
        <line num="36" count="0" type="stmt"/>
        <line num="39" count="1" type="stmt"/>
        <line num="83" count="0" type="cond" truecount="0" falsecount="2"/>
        <line num="84" count="0" type="stmt"/>
        <line num="86" count="0" type="stmt"/>
        <line num="87" count="0" type="cond" truecount="0" falsecount="4"/>
        <line num="88" count="0" type="stmt"/>
        <line num="90" count="0" type="stmt"/>
        <line num="91" count="0" type="cond" truecount="0" falsecount="2"/>
        <line num="93" count="0" type="stmt"/>
        <line num="94" count="0" type="stmt"/>
        <line num="96" count="0" type="stmt"/>
        <line num="97" count="0" type="stmt"/>
        <line num="98" count="0" type="stmt"/>
        <line num="99" count="0" type="stmt"/>
        <line num="100" count="0" type="cond" truecount="0" falsecount="4"/>
        <line num="101" count="0" type="stmt"/>
        <line num="105" count="0" type="cond" truecount="0" falsecount="2"/>
        <line num="106" count="0" type="stmt"/>
        <line num="109" count="0" type="cond" truecount="0" falsecount="2"/>
        <line num="110" count="0" type="stmt"/>
        <line num="112" count="0" type="stmt"/>
        <line num="115" count="1" type="stmt"/>
        <line num="116" count="0" type="cond" truecount="0" falsecount="4"/>
        <line num="118" count="1" type="cond" truecount="0" falsecount="1"/>
        <line num="119" count="0" type="stmt"/>
        <line num="121" count="1" type="stmt"/>
        <line num="123" count="1" type="stmt"/>
        <line num="125" count="1" type="stmt"/>
        <line num="127" count="1" type="stmt"/>
        <line num="129" count="1" type="stmt"/>
        <line num="131" count="1" type="stmt"/>
        <line num="132" count="0" type="stmt"/>
        <line num="134" count="0" type="stmt"/>
        <line num="137" count="1" type="stmt"/>
        <line num="138" count="0" type="stmt"/>
        <line num="140" count="1" type="cond" truecount="0" falsecount="1"/>
        <line num="141" count="0" type="stmt"/>
        <line num="143" count="1" type="stmt"/>
      </file>
    </package>
    <package name="tictactoe.src">
      <metrics statements="211" coveredstatements="204" conditionals="147" coveredconditionals="136" methods="53" coveredmethods="52"/>
      <file name="grid.ts" path="/home/peter/Code/tictactoe/src/grid.ts">
        <metrics statements="121" coveredstatements="115" conditionals="94" coveredconditionals="86" methods="25" coveredmethods="24"/>
        <line num="34" count="1" type="stmt"/>
        <line num="35" count="221" type="stmt"/>
        <line num="36" count="144" type="stmt"/>
        <line num="37" count="217" type="stmt"/>
        <line num="40" count="141" type="cond" truecount="4" falsecount="0"/>
        <line num="41" count="76" type="stmt"/>
        <line num="43" count="216" type="cond" truecount="6" falsecount="0"/>
        <line num="44" count="76" type="stmt"/>
        <line num="46" count="231" type="stmt"/>
        <line num="47" count="231" type="stmt"/>
        <line num="48" count="141" type="stmt"/>
        <line num="52" count="1198" type="stmt"/>
        <line num="53" count="1110" type="cond" truecount="4" falsecount="0"/>
        <line num="54" count="88" type="stmt"/>
        <line num="56" count="1196" type="cond" truecount="2" falsecount="0"/>
        <line num="60" count="1099" type="stmt"/>
        <line num="62" count="2207" type="stmt"/>
        <line num="63" count="1109" type="stmt"/>
        <line num="67" count="21962" type="stmt"/>
        <line num="68" count="20870" type="cond" truecount="4" falsecount="0"/>
        <line num="69" count="1092" type="stmt"/>
        <line num="71" count="20875" type="cond" truecount="2" falsecount="0"/>
        <line num="75" count="1" type="stmt"/>
        <line num="77" count="20874" type="stmt"/>
        <line num="81" count="2" type="cond" truecount="2" falsecount="0"/>
        <line num="82" count="8" type="stmt"/>
        <line num="84" count="8" type="cond" truecount="4" falsecount="0"/>
        <line num="85" count="20" type="stmt"/>
        <line num="87" count="1" type="stmt"/>
        <line num="88" count="19" type="stmt"/>
        <line num="92" count="5" type="cond" truecount="2" falsecount="0"/>
        <line num="93" count="17" type="stmt"/>
        <line num="95" count="3" type="cond" truecount="4" falsecount="0"/>
        <line num="96" count="17" type="stmt"/>
        <line num="98" count="3" type="cond" truecount="1" falsecount="1"/>
        <line num="99" count="17" type="stmt"/>
        <line num="101" count="20" type="cond" truecount="1" falsecount="1"/>
        <line num="102" count="17" type="stmt"/>
        <line num="104" count="5" type="stmt"/>
        <line num="105" count="5" type="stmt"/>
        <line num="106" count="5" type="stmt"/>
        <line num="110" count="6" type="stmt"/>
        <line num="111" count="8" type="stmt"/>
        <line num="112" count="1" type="stmt"/>
        <line num="114" count="7" type="stmt"/>
        <line num="118" count="2" type="cond" truecount="2" falsecount="0"/>
        <line num="119" count="5" type="stmt"/>
        <line num="121" count="5" type="cond" truecount="4" falsecount="0"/>
        <line num="122" count="5" type="stmt"/>
        <line num="124" count="15" type="stmt"/>
        <line num="125" count="11" type="stmt"/>
        <line num="126" count="1" type="stmt"/>
        <line num="128" count="10" type="stmt"/>
        <line num="132" count="5" type="cond" truecount="2" falsecount="0"/>
        <line num="133" count="8" type="stmt"/>
        <line num="135" count="3" type="cond" truecount="4" falsecount="0"/>
        <line num="136" count="8" type="stmt"/>
        <line num="138" count="3" type="cond" truecount="1" falsecount="1"/>
        <line num="139" count="8" type="stmt"/>
        <line num="141" count="11" type="cond" truecount="1" falsecount="1"/>
        <line num="142" count="24" type="stmt"/>
        <line num="144" count="11" type="stmt"/>
        <line num="145" count="10" type="stmt"/>
        <line num="147" count="4" type="stmt"/>
        <line num="151" count="3" type="stmt"/>
        <line num="152" count="12" type="stmt"/>
        <line num="153" count="1" type="stmt"/>
        <line num="155" count="11" type="stmt"/>
        <line num="159" count="2" type="cond" truecount="2" falsecount="0"/>
        <line num="160" count="9" type="stmt"/>
        <line num="162" count="9" type="cond" truecount="4" falsecount="0"/>
        <line num="163" count="4" type="stmt"/>
        <line num="165" count="1" type="stmt"/>
        <line num="166" count="3" type="stmt"/>
        <line num="170" count="1" type="cond" truecount="2" falsecount="0"/>
        <line num="171" count="2" type="stmt"/>
        <line num="173" count="28" type="cond" truecount="4" falsecount="0"/>
        <line num="174" count="28" type="stmt"/>
        <line num="176" count="252" type="stmt"/>
        <line num="180" count="59" type="stmt"/>
        <line num="181" count="299" type="stmt"/>
        <line num="183" count="51" type="stmt"/>
        <line num="187" count="20" type="stmt"/>
        <line num="194" count="87" type="stmt"/>
        <line num="195" count="87" type="stmt"/>
        <line num="196" count="261" type="stmt"/>
        <line num="197" count="101" type="stmt"/>
        <line num="198" count="243" type="stmt"/>
        <line num="201" count="28" type="stmt"/>
        <line num="205" count="0" type="cond" truecount="1" falsecount="1"/>
        <line num="206" count="1" type="stmt"/>
        <line num="208" count="3" type="cond" truecount="1" falsecount="1"/>
        <line num="209" count="2" type="stmt"/>
        <line num="211" count="15" type="stmt"/>
        <line num="215" count="15" type="stmt"/>
        <line num="219" count="0" type="cond" truecount="1" falsecount="1"/>
        <line num="220" count="15" type="stmt"/>
        <line num="222" count="5" type="cond" truecount="1" falsecount="1"/>
        <line num="223" count="5" type="stmt"/>
        <line num="225" count="15" type="stmt"/>
        <line num="229" count="47" type="stmt"/>
        <line num="230" count="104" type="stmt"/>
        <line num="231" count="116" type="stmt"/>
        <line num="234" count="296" type="stmt"/>
        <line num="238" count="2839" type="stmt"/>
        <line num="239" count="5872" type="stmt"/>
        <line num="240" count="17614" type="stmt"/>
        <line num="246" count="40" type="stmt"/>
        <line num="247" count="40" type="stmt"/>
        <line num="248" count="360" type="stmt"/>
        <line num="255" count="1139" type="stmt"/>
        <line num="256" count="851" type="stmt"/>
        <line num="257" count="7356" type="cond" truecount="2" falsecount="0"/>
        <line num="258" count="7375" type="stmt"/>
        <line num="260" count="0" type="cond" truecount="2" falsecount="0"/>
        <line num="261" count="0" type="cond" truecount="2" falsecount="0"/>
        <line num="264" count="843" type="stmt"/>
        <line num="268" count="0" type="stmt"/>
        <line num="269" count="0" type="stmt"/>
        <line num="273" count="1" type="stmt"/>
        <line num="275" count="140" type="stmt"/>
      </file>
      <file name="tictactoe.ts" path="/home/peter/Code/tictactoe/src/tictactoe.ts">
        <metrics statements="90" coveredstatements="89" conditionals="53" coveredconditionals="50" methods="28" coveredmethods="28"/>
        <line num="1" count="2" type="stmt"/>
        <line num="10" count="16" type="stmt"/>
        <line num="11" count="24" type="stmt"/>
        <line num="13" count="9" type="stmt"/>
        <line num="14" count="9" type="stmt"/>
        <line num="16" count="2" type="stmt"/>
        <line num="18" count="4" type="stmt"/>
        <line num="21" count="2" type="stmt"/>
        <line num="22" count="4" type="stmt"/>
        <line num="23" count="4" type="stmt"/>
        <line num="27" count="10" type="stmt"/>
        <line num="29" count="18" type="cond" truecount="2" falsecount="0"/>
        <line num="30" count="10" type="cond" truecount="2" falsecount="0"/>
        <line num="36" count="2" type="stmt"/>
        <line num="39" count="53" type="stmt"/>
        <line num="42" count="1033" type="cond" truecount="3" falsecount="1"/>
        <line num="43" count="52" type="stmt"/>
        <line num="45" count="1085" type="stmt"/>
        <line num="46" count="1501" type="stmt"/>
        <line num="47" count="9349" type="stmt"/>
        <line num="50" count="1033" type="cond" truecount="1" falsecount="1"/>
        <line num="51" count="1" type="stmt"/>
        <line num="56" count="5" type="stmt"/>
        <line num="60" count="109" type="cond" truecount="3" falsecount="1"/>
        <line num="61" count="0" type="stmt"/>
        <line num="62" count="4" type="stmt"/>
        <line num="64" count="113" type="stmt"/>
        <line num="65" count="145" type="stmt"/>
        <line num="66" count="985" type="cond" truecount="2" falsecount="0"/>
        <line num="69" count="110" type="stmt"/>
        <line num="75" count="5" type="stmt"/>
        <line num="76" count="141" type="stmt"/>
        <line num="77" count="847" type="stmt"/>
        <line num="78" count="930" type="stmt"/>
        <line num="80" count="3016" type="cond" truecount="2" falsecount="0"/>
        <line num="85" count="5" type="stmt"/>
        <line num="89" count="113" type="stmt"/>
        <line num="90" count="110" type="stmt"/>
        <line num="98" count="1" type="stmt"/>
        <line num="99" count="12" type="stmt"/>
        <line num="101" count="108" type="cond" truecount="2" falsecount="0"/>
        <line num="103" count="13" type="stmt"/>
        <line num="107" count="17" type="stmt"/>
        <line num="112" count="125" type="stmt"/>
        <line num="113" count="111" type="cond" truecount="4" falsecount="0"/>
        <line num="114" count="14" type="stmt"/>
        <line num="116" count="123" type="stmt"/>
        <line num="117" count="110" type="cond" truecount="4" falsecount="0"/>
        <line num="118" count="13" type="stmt"/>
        <line num="120" count="111" type="cond" truecount="4" falsecount="0"/>
        <line num="121" count="11" type="stmt"/>
        <line num="123" count="120" type="stmt"/>
        <line num="124" count="113" type="stmt"/>
        <line num="126" count="7" type="stmt"/>
        <line num="128" count="111" type="cond" truecount="4" falsecount="0"/>
        <line num="129" count="5" type="stmt"/>
        <line num="131" count="110" type="cond" truecount="2" falsecount="0"/>
        <line num="132" count="4" type="stmt"/>
        <line num="134" count="113" type="stmt"/>
        <line num="135" count="110" type="stmt"/>
        <line num="139" count="13" type="stmt"/>
        <line num="140" count="35" type="stmt"/>
        <line num="141" count="35" type="stmt"/>
        <line num="142" count="35" type="stmt"/>
        <line num="143" count="35" type="stmt"/>
        <line num="144" count="35" type="stmt"/>
        <line num="145" count="35" type="stmt"/>
        <line num="146" count="40" type="stmt"/>
        <line num="148" count="110" type="cond" truecount="2" falsecount="0"/>
        <line num="149" count="1" type="stmt"/>
        <line num="150" count="18" type="stmt"/>
        <line num="152" count="110" type="cond" truecount="2" falsecount="0"/>
        <line num="153" count="1" type="stmt"/>
        <line num="154" count="16" type="stmt"/>
        <line num="156" count="113" type="stmt"/>
        <line num="157" count="113" type="stmt"/>
        <line num="158" count="113" type="stmt"/>
        <line num="159" count="113" type="cond" truecount="2" falsecount="0"/>
        <line num="160" count="113" type="stmt"/>
        <line num="161" count="109" type="cond" truecount="2" falsecount="0"/>
        <line num="162" count="9" type="stmt"/>
        <line num="163" count="13" type="stmt"/>
        <line num="165" count="109" type="cond" truecount="2" falsecount="0"/>
        <line num="166" count="2" type="stmt"/>
        <line num="169" count="232" type="stmt"/>
        <line num="170" count="4" type="stmt"/>
        <line num="171" count="12" type="stmt"/>
        <line num="172" count="27" type="stmt"/>
        <line num="173" count="12" type="stmt"/>
        <line num="182" count="1" type="stmt"/>
      </file>
    </package>
  </project>
</coverage>
