{"/home/peter/Code/tictactoe/tictactoe.js": {"path":"/home/peter/Code/tictactoe/tictactoe.js","statementMap":{"0":{"start":{"line":2,"column":17},"end":{"line":2,"column":57}},"1":{"start":{"line":2,"column":23},"end":{"line":2,"column":57}},"2":{"start":{"line":4,"column":18},"end":{"line":10,"column":4}},"3":{"start":{"line":6,"column":2},"end":{"line":10,"column":4}},"4":{"start":{"line":7,"column":18},"end":{"line":7,"column":28}},"5":{"start":{"line":8,"column":4},"end":{"line":8,"column":36}},"6":{"start":{"line":9,"column":4},"end":{"line":9,"column":17}},"7":{"start":{"line":13,"column":21},"end":{"line":21,"column":4}},"8":{"start":{"line":14,"column":2},"end":{"line":21,"column":4}},"9":{"start":{"line":15,"column":18},"end":{"line":15,"column":28}},"10":{"start":{"line":16,"column":4},"end":{"line":20,"column":7}},"11":{"start":{"line":17,"column":21},"end":{"line":17,"column":29}},"12":{"start":{"line":18,"column":6},"end":{"line":18,"column":28}},"13":{"start":{"line":19,"column":6},"end":{"line":19,"column":20}},"14":{"start":{"line":24,"column":19},"end":{"line":28,"column":1}},"15":{"start":{"line":24,"column":25},"end":{"line":28,"column":1}},"16":{"start":{"line":26,"column":23},"end":{"line":26,"column":74}},"17":{"start":{"line":27,"column":23},"end":{"line":27,"column":74}},"18":{"start":{"line":33,"column":22},"end":{"line":33,"column":74}},"19":{"start":{"line":36,"column":22},"end":{"line":52,"column":1}},"20":{"start":{"line":37,"column":2},"end":{"line":39,"column":3}},"21":{"start":{"line":38,"column":4},"end":{"line":38,"column":37}},"22":{"start":{"line":40,"column":2},"end":{"line":51,"column":5}},"23":{"start":{"line":41,"column":4},"end":{"line":43,"column":5}},"24":{"start":{"line":42,"column":6},"end":{"line":42,"column":39}},"25":{"start":{"line":44,"column":4},"end":{"line":50,"column":5}},"26":{"start":{"line":46,"column":18},"end":{"line":46,"column":80}},"27":{"start":{"line":49,"column":6},"end":{"line":49,"column":39}},"28":{"start":{"line":55,"column":32},"end":{"line":68,"column":1}},"29":{"start":{"line":56,"column":2},"end":{"line":59,"column":3}},"30":{"start":{"line":57,"column":4},"end":{"line":57,"column":24}},"31":{"start":{"line":58,"column":4},"end":{"line":58,"column":38}},"32":{"start":{"line":60,"column":2},"end":{"line":67,"column":4}},"33":{"start":{"line":61,"column":4},"end":{"line":66,"column":6}},"34":{"start":{"line":62,"column":6},"end":{"line":64,"column":7}},"35":{"start":{"line":63,"column":8},"end":{"line":63,"column":20}},"36":{"start":{"line":65,"column":6},"end":{"line":65,"column":18}},"37":{"start":{"line":72,"column":23},"end":{"line":82,"column":1}},"38":{"start":{"line":72,"column":38},"end":{"line":82,"column":1}},"39":{"start":{"line":73,"column":2},"end":{"line":73,"column":27}},"40":{"start":{"line":74,"column":2},"end":{"line":80,"column":3}},"41":{"start":{"line":74,"column":15},"end":{"line":74,"column":16}},"42":{"start":{"line":75,"column":4},"end":{"line":79,"column":5}},"43":{"start":{"line":75,"column":17},"end":{"line":75,"column":18}},"44":{"start":{"line":76,"column":6},"end":{"line":78,"column":7}},"45":{"start":{"line":77,"column":8},"end":{"line":77,"column":21}},"46":{"start":{"line":81,"column":2},"end":{"line":81,"column":14}},"47":{"start":{"line":85,"column":23},"end":{"line":92,"column":1}},"48":{"start":{"line":86,"column":2},"end":{"line":86,"column":27}},"49":{"start":{"line":87,"column":2},"end":{"line":91,"column":4}},"50":{"start":{"line":95,"column":19},"end":{"line":103,"column":1}},"51":{"start":{"line":96,"column":2},"end":{"line":102,"column":4}},"52":{"start":{"line":99,"column":8},"end":{"line":99,"column":68}},"53":{"start":{"line":99,"column":28},"end":{"line":99,"column":56}},"54":{"start":{"line":106,"column":15},"end":{"line":135,"column":1}},"55":{"start":{"line":107,"column":2},"end":{"line":107,"column":23}},"56":{"start":{"line":108,"column":2},"end":{"line":110,"column":3}},"57":{"start":{"line":109,"column":4},"end":{"line":109,"column":40}},"58":{"start":{"line":111,"column":24},"end":{"line":111,"column":32}},"59":{"start":{"line":112,"column":2},"end":{"line":114,"column":3}},"60":{"start":{"line":113,"column":4},"end":{"line":113,"column":40}},"61":{"start":{"line":115,"column":2},"end":{"line":117,"column":3}},"62":{"start":{"line":116,"column":4},"end":{"line":116,"column":40}},"63":{"start":{"line":118,"column":2},"end":{"line":120,"column":3}},"64":{"start":{"line":119,"column":4},"end":{"line":119,"column":40}},"65":{"start":{"line":121,"column":2},"end":{"line":123,"column":3}},"66":{"start":{"line":122,"column":4},"end":{"line":122,"column":38}},"67":{"start":{"line":124,"column":2},"end":{"line":126,"column":3}},"68":{"start":{"line":125,"column":4},"end":{"line":125,"column":41}},"69":{"start":{"line":127,"column":20},"end":{"line":133,"column":4}},"70":{"start":{"line":128,"column":19},"end":{"line":128,"column":31}},"71":{"start":{"line":129,"column":4},"end":{"line":131,"column":5}},"72":{"start":{"line":130,"column":6},"end":{"line":130,"column":30}},"73":{"start":{"line":132,"column":4},"end":{"line":132,"column":18}},"74":{"start":{"line":134,"column":2},"end":{"line":134,"column":19}},"75":{"start":{"line":138,"column":16},"end":{"line":179,"column":1}},"76":{"start":{"line":139,"column":14},"end":{"line":139,"column":24}},"77":{"start":{"line":140,"column":17},"end":{"line":140,"column":22}},"78":{"start":{"line":141,"column":19},"end":{"line":141,"column":23}},"79":{"start":{"line":142,"column":20},"end":{"line":142,"column":24}},"80":{"start":{"line":143,"column":15},"end":{"line":143,"column":19}},"81":{"start":{"line":144,"column":18},"end":{"line":144,"column":20}},"82":{"start":{"line":145,"column":2},"end":{"line":178,"column":4}},"83":{"start":{"line":147,"column":6},"end":{"line":150,"column":7}},"84":{"start":{"line":148,"column":8},"end":{"line":148,"column":41}},"85":{"start":{"line":149,"column":8},"end":{"line":149,"column":15}},"86":{"start":{"line":151,"column":6},"end":{"line":154,"column":7}},"87":{"start":{"line":152,"column":8},"end":{"line":152,"column":60}},"88":{"start":{"line":153,"column":8},"end":{"line":153,"column":15}},"89":{"start":{"line":155,"column":6},"end":{"line":155,"column":46}},"90":{"start":{"line":156,"column":6},"end":{"line":156,"column":39}},"91":{"start":{"line":157,"column":6},"end":{"line":157,"column":26}},"92":{"start":{"line":158,"column":6},"end":{"line":158,"column":64}},"93":{"start":{"line":159,"column":21},"end":{"line":159,"column":50}},"94":{"start":{"line":160,"column":6},"end":{"line":163,"column":7}},"95":{"start":{"line":161,"column":8},"end":{"line":161,"column":24}},"96":{"start":{"line":162,"column":8},"end":{"line":162,"column":24}},"97":{"start":{"line":164,"column":6},"end":{"line":166,"column":7}},"98":{"start":{"line":165,"column":8},"end":{"line":165,"column":24}},"99":{"start":{"line":168,"column":18},"end":{"line":168,"column":26}},"100":{"start":{"line":169,"column":20},"end":{"line":169,"column":25}},"101":{"start":{"line":170,"column":22},"end":{"line":170,"column":39}},"102":{"start":{"line":171,"column":18},"end":{"line":171,"column":24}},"103":{"start":{"line":172,"column":19},"end":{"line":177,"column":5}},"104":{"start":{"line":181,"column":0},"end":{"line":193,"column":2}}},"fnMap":{"0":{"name":"(anonymous_0)","decl":{"start":{"line":2,"column":17},"end":{"line":2,"column":18}},"loc":{"start":{"line":2,"column":23},"end":{"line":2,"column":57}},"line":2},"1":{"name":"(anonymous_1)","decl":{"start":{"line":4,"column":18},"end":{"line":4,"column":19}},"loc":{"start":{"line":6,"column":2},"end":{"line":10,"column":4}},"line":6},"2":{"name":"(anonymous_2)","decl":{"start":{"line":6,"column":16},"end":{"line":6,"column":17}},"loc":{"start":{"line":6,"column":25},"end":{"line":10,"column":3}},"line":6},"3":{"name":"(anonymous_3)","decl":{"start":{"line":13,"column":21},"end":{"line":13,"column":22}},"loc":{"start":{"line":14,"column":2},"end":{"line":21,"column":4}},"line":14},"4":{"name":"(anonymous_4)","decl":{"start":{"line":14,"column":16},"end":{"line":14,"column":17}},"loc":{"start":{"line":14,"column":28},"end":{"line":21,"column":3}},"line":14},"5":{"name":"(anonymous_5)","decl":{"start":{"line":16,"column":21},"end":{"line":16,"column":22}},"loc":{"start":{"line":16,"column":30},"end":{"line":20,"column":5}},"line":16},"6":{"name":"(anonymous_6)","decl":{"start":{"line":24,"column":19},"end":{"line":24,"column":20}},"loc":{"start":{"line":24,"column":25},"end":{"line":28,"column":1}},"line":24},"7":{"name":"(anonymous_7)","decl":{"start":{"line":26,"column":16},"end":{"line":26,"column":17}},"loc":{"start":{"line":26,"column":23},"end":{"line":26,"column":74}},"line":26},"8":{"name":"(anonymous_8)","decl":{"start":{"line":27,"column":16},"end":{"line":27,"column":17}},"loc":{"start":{"line":27,"column":23},"end":{"line":27,"column":74}},"line":27},"9":{"name":"(anonymous_9)","decl":{"start":{"line":36,"column":22},"end":{"line":36,"column":23}},"loc":{"start":{"line":36,"column":33},"end":{"line":52,"column":1}},"line":36},"10":{"name":"(anonymous_10)","decl":{"start":{"line":40,"column":16},"end":{"line":40,"column":17}},"loc":{"start":{"line":40,"column":25},"end":{"line":51,"column":3}},"line":40},"11":{"name":"(anonymous_11)","decl":{"start":{"line":46,"column":8},"end":{"line":46,"column":9}},"loc":{"start":{"line":46,"column":18},"end":{"line":46,"column":80}},"line":46},"12":{"name":"(anonymous_12)","decl":{"start":{"line":55,"column":32},"end":{"line":55,"column":33}},"loc":{"start":{"line":55,"column":51},"end":{"line":68,"column":1}},"line":55},"13":{"name":"(anonymous_13)","decl":{"start":{"line":60,"column":19},"end":{"line":60,"column":20}},"loc":{"start":{"line":61,"column":4},"end":{"line":66,"column":6}},"line":61},"14":{"name":"(anonymous_14)","decl":{"start":{"line":61,"column":12},"end":{"line":61,"column":13}},"loc":{"start":{"line":61,"column":24},"end":{"line":66,"column":5}},"line":61},"15":{"name":"(anonymous_15)","decl":{"start":{"line":72,"column":23},"end":{"line":72,"column":24}},"loc":{"start":{"line":72,"column":38},"end":{"line":82,"column":1}},"line":72},"16":{"name":"(anonymous_16)","decl":{"start":{"line":72,"column":38},"end":{"line":72,"column":39}},"loc":{"start":{"line":72,"column":56},"end":{"line":82,"column":1}},"line":72},"17":{"name":"(anonymous_17)","decl":{"start":{"line":85,"column":23},"end":{"line":85,"column":24}},"loc":{"start":{"line":85,"column":46},"end":{"line":92,"column":1}},"line":85},"18":{"name":"(anonymous_18)","decl":{"start":{"line":95,"column":19},"end":{"line":95,"column":20}},"loc":{"start":{"line":95,"column":30},"end":{"line":103,"column":1}},"line":95},"19":{"name":"(anonymous_19)","decl":{"start":{"line":98,"column":11},"end":{"line":98,"column":12}},"loc":{"start":{"line":99,"column":8},"end":{"line":99,"column":68}},"line":99},"20":{"name":"(anonymous_20)","decl":{"start":{"line":99,"column":16},"end":{"line":99,"column":17}},"loc":{"start":{"line":99,"column":28},"end":{"line":99,"column":56}},"line":99},"21":{"name":"(anonymous_21)","decl":{"start":{"line":106,"column":15},"end":{"line":106,"column":16}},"loc":{"start":{"line":106,"column":44},"end":{"line":135,"column":1}},"line":106},"22":{"name":"(anonymous_22)","decl":{"start":{"line":127,"column":30},"end":{"line":127,"column":31}},"loc":{"start":{"line":127,"column":46},"end":{"line":133,"column":3}},"line":127},"23":{"name":"(anonymous_23)","decl":{"start":{"line":138,"column":16},"end":{"line":138,"column":17}},"loc":{"start":{"line":138,"column":22},"end":{"line":179,"column":1}},"line":138},"24":{"name":"(anonymous_24)","decl":{"start":{"line":146,"column":14},"end":{"line":146,"column":15}},"loc":{"start":{"line":146,"column":36},"end":{"line":167,"column":5}},"line":146},"25":{"name":"(anonymous_25)","decl":{"start":{"line":168,"column":12},"end":{"line":168,"column":13}},"loc":{"start":{"line":168,"column":18},"end":{"line":168,"column":26}},"line":168},"26":{"name":"(anonymous_26)","decl":{"start":{"line":169,"column":14},"end":{"line":169,"column":15}},"loc":{"start":{"line":169,"column":20},"end":{"line":169,"column":25}},"line":169},"27":{"name":"(anonymous_27)","decl":{"start":{"line":170,"column":16},"end":{"line":170,"column":17}},"loc":{"start":{"line":170,"column":22},"end":{"line":170,"column":39}},"line":170},"28":{"name":"(anonymous_28)","decl":{"start":{"line":171,"column":12},"end":{"line":171,"column":13}},"loc":{"start":{"line":171,"column":18},"end":{"line":171,"column":24}},"line":171},"29":{"name":"(anonymous_29)","decl":{"start":{"line":172,"column":12},"end":{"line":172,"column":13}},"loc":{"start":{"line":172,"column":19},"end":{"line":177,"column":5}},"line":172}},"branchMap":{"0":{"loc":{"start":{"line":26,"column":24},"end":{"line":26,"column":39}},"type":"binary-expr","locations":[{"start":{"line":26,"column":24},"end":{"line":26,"column":31}},{"start":{"line":26,"column":35},"end":{"line":26,"column":39}}],"line":26},"1":{"loc":{"start":{"line":26,"column":41},"end":{"line":26,"column":56}},"type":"binary-expr","locations":[{"start":{"line":26,"column":41},"end":{"line":26,"column":48}},{"start":{"line":26,"column":52},"end":{"line":26,"column":56}}],"line":26},"2":{"loc":{"start":{"line":26,"column":58},"end":{"line":26,"column":73}},"type":"binary-expr","locations":[{"start":{"line":26,"column":58},"end":{"line":26,"column":65}},{"start":{"line":26,"column":69},"end":{"line":26,"column":73}}],"line":26},"3":{"loc":{"start":{"line":27,"column":24},"end":{"line":27,"column":39}},"type":"binary-expr","locations":[{"start":{"line":27,"column":24},"end":{"line":27,"column":31}},{"start":{"line":27,"column":35},"end":{"line":27,"column":39}}],"line":27},"4":{"loc":{"start":{"line":27,"column":41},"end":{"line":27,"column":56}},"type":"binary-expr","locations":[{"start":{"line":27,"column":41},"end":{"line":27,"column":48}},{"start":{"line":27,"column":52},"end":{"line":27,"column":56}}],"line":27},"5":{"loc":{"start":{"line":27,"column":58},"end":{"line":27,"column":73}},"type":"binary-expr","locations":[{"start":{"line":27,"column":58},"end":{"line":27,"column":65}},{"start":{"line":27,"column":69},"end":{"line":27,"column":73}}],"line":27},"6":{"loc":{"start":{"line":37,"column":2},"end":{"line":39,"column":3}},"type":"if","locations":[{"start":{"line":37,"column":2},"end":{"line":39,"column":3}},{"start":{},"end":{}}],"line":37},"7":{"loc":{"start":{"line":37,"column":6},"end":{"line":37,"column":51}},"type":"binary-expr","locations":[{"start":{"line":37,"column":6},"end":{"line":37,"column":12}},{"start":{"line":37,"column":16},"end":{"line":37,"column":29}},{"start":{"line":37,"column":33},"end":{"line":37,"column":51}}],"line":37},"8":{"loc":{"start":{"line":41,"column":4},"end":{"line":43,"column":5}},"type":"if","locations":[{"start":{"line":41,"column":4},"end":{"line":43,"column":5}},{"start":{},"end":{}}],"line":41},"9":{"loc":{"start":{"line":41,"column":8},"end":{"line":41,"column":47}},"type":"binary-expr","locations":[{"start":{"line":41,"column":8},"end":{"line":41,"column":12}},{"start":{"line":41,"column":16},"end":{"line":41,"column":27}},{"start":{"line":41,"column":31},"end":{"line":41,"column":47}}],"line":41},"10":{"loc":{"start":{"line":44,"column":4},"end":{"line":50,"column":5}},"type":"if","locations":[{"start":{"line":44,"column":4},"end":{"line":50,"column":5}},{"start":{},"end":{}}],"line":44},"11":{"loc":{"start":{"line":46,"column":18},"end":{"line":46,"column":80}},"type":"binary-expr","locations":[{"start":{"line":46,"column":18},"end":{"line":46,"column":30}},{"start":{"line":46,"column":34},"end":{"line":46,"column":46}},{"start":{"line":46,"column":50},"end":{"line":46,"column":63}},{"start":{"line":46,"column":67},"end":{"line":46,"column":80}}],"line":46},"12":{"loc":{"start":{"line":56,"column":2},"end":{"line":59,"column":3}},"type":"if","locations":[{"start":{"line":56,"column":2},"end":{"line":59,"column":3}},{"start":{},"end":{}}],"line":56},"13":{"loc":{"start":{"line":56,"column":6},"end":{"line":56,"column":38}},"type":"binary-expr","locations":[{"start":{"line":56,"column":6},"end":{"line":56,"column":20}},{"start":{"line":56,"column":24},"end":{"line":56,"column":38}}],"line":56},"14":{"loc":{"start":{"line":62,"column":6},"end":{"line":64,"column":7}},"type":"if","locations":[{"start":{"line":62,"column":6},"end":{"line":64,"column":7}},{"start":{},"end":{}}],"line":62},"15":{"loc":{"start":{"line":76,"column":6},"end":{"line":78,"column":7}},"type":"if","locations":[{"start":{"line":76,"column":6},"end":{"line":78,"column":7}},{"start":{},"end":{}}],"line":76},"16":{"loc":{"start":{"line":76,"column":10},"end":{"line":76,"column":65}},"type":"binary-expr","locations":[{"start":{"line":76,"column":10},"end":{"line":76,"column":37}},{"start":{"line":76,"column":41},"end":{"line":76,"column":65}}],"line":76},"17":{"loc":{"start":{"line":99,"column":28},"end":{"line":99,"column":56}},"type":"cond-expr","locations":[{"start":{"line":99,"column":45},"end":{"line":99,"column":48}},{"start":{"line":99,"column":51},"end":{"line":99,"column":56}}],"line":99},"18":{"loc":{"start":{"line":108,"column":2},"end":{"line":110,"column":3}},"type":"if","locations":[{"start":{"line":108,"column":2},"end":{"line":110,"column":3}},{"start":{},"end":{}}],"line":108},"19":{"loc":{"start":{"line":108,"column":6},"end":{"line":108,"column":56}},"type":"binary-expr","locations":[{"start":{"line":108,"column":6},"end":{"line":108,"column":28}},{"start":{"line":108,"column":32},"end":{"line":108,"column":56}}],"line":108},"20":{"loc":{"start":{"line":112,"column":2},"end":{"line":114,"column":3}},"type":"if","locations":[{"start":{"line":112,"column":2},"end":{"line":114,"column":3}},{"start":{},"end":{}}],"line":112},"21":{"loc":{"start":{"line":112,"column":6},"end":{"line":112,"column":47}},"type":"binary-expr","locations":[{"start":{"line":112,"column":6},"end":{"line":112,"column":23}},{"start":{"line":112,"column":27},"end":{"line":112,"column":47}}],"line":112},"22":{"loc":{"start":{"line":115,"column":2},"end":{"line":117,"column":3}},"type":"if","locations":[{"start":{"line":115,"column":2},"end":{"line":117,"column":3}},{"start":{},"end":{}}],"line":115},"23":{"loc":{"start":{"line":115,"column":6},"end":{"line":115,"column":57}},"type":"binary-expr","locations":[{"start":{"line":115,"column":6},"end":{"line":115,"column":28}},{"start":{"line":115,"column":32},"end":{"line":115,"column":57}}],"line":115},"24":{"loc":{"start":{"line":118,"column":2},"end":{"line":120,"column":3}},"type":"if","locations":[{"start":{"line":118,"column":2},"end":{"line":120,"column":3}},{"start":{},"end":{}}],"line":118},"25":{"loc":{"start":{"line":118,"column":6},"end":{"line":118,"column":66}},"type":"binary-expr","locations":[{"start":{"line":118,"column":6},"end":{"line":118,"column":30}},{"start":{"line":118,"column":34},"end":{"line":118,"column":66}}],"line":118},"26":{"loc":{"start":{"line":121,"column":2},"end":{"line":123,"column":3}},"type":"if","locations":[{"start":{"line":121,"column":2},"end":{"line":123,"column":3}},{"start":{},"end":{}}],"line":121},"27":{"loc":{"start":{"line":121,"column":6},"end":{"line":121,"column":38}},"type":"binary-expr","locations":[{"start":{"line":121,"column":6},"end":{"line":121,"column":20}},{"start":{"line":121,"column":24},"end":{"line":121,"column":38}}],"line":121},"28":{"loc":{"start":{"line":124,"column":2},"end":{"line":126,"column":3}},"type":"if","locations":[{"start":{"line":124,"column":2},"end":{"line":126,"column":3}},{"start":{},"end":{}}],"line":124},"29":{"loc":{"start":{"line":129,"column":4},"end":{"line":131,"column":5}},"type":"if","locations":[{"start":{"line":129,"column":4},"end":{"line":131,"column":5}},{"start":{},"end":{}}],"line":129},"30":{"loc":{"start":{"line":147,"column":6},"end":{"line":150,"column":7}},"type":"if","locations":[{"start":{"line":147,"column":6},"end":{"line":150,"column":7}},{"start":{},"end":{}}],"line":147},"31":{"loc":{"start":{"line":151,"column":6},"end":{"line":154,"column":7}},"type":"if","locations":[{"start":{"line":151,"column":6},"end":{"line":154,"column":7}},{"start":{},"end":{}}],"line":151},"32":{"loc":{"start":{"line":158,"column":20},"end":{"line":158,"column":63}},"type":"cond-expr","locations":[{"start":{"line":158,"column":43},"end":{"line":158,"column":49}},{"start":{"line":158,"column":52},"end":{"line":158,"column":63}}],"line":158},"33":{"loc":{"start":{"line":160,"column":6},"end":{"line":163,"column":7}},"type":"if","locations":[{"start":{"line":160,"column":6},"end":{"line":163,"column":7}},{"start":{},"end":{}}],"line":160},"34":{"loc":{"start":{"line":164,"column":6},"end":{"line":166,"column":7}},"type":"if","locations":[{"start":{"line":164,"column":6},"end":{"line":166,"column":7}},{"start":{},"end":{}}],"line":164}},"s":{"0":1,"1":40,"2":1,"3":1,"4":3,"5":3,"6":3,"7":1,"8":1,"9":3,"10":3,"11":9,"12":9,"13":9,"14":1,"15":1,"16":3,"17":3,"18":1,"19":1,"20":1006,"21":0,"22":1006,"23":3018,"24":0,"25":3018,"26":9054,"27":0,"28":1,"29":105,"30":0,"31":0,"32":105,"33":315,"34":945,"35":205,"36":740,"37":1,"38":105,"39":784,"40":784,"41":784,"42":1248,"43":1248,"44":2869,"45":776,"46":8,"47":1,"48":105,"49":105,"50":1,"51":11,"52":33,"53":99,"54":1,"55":117,"56":117,"57":2,"58":115,"59":115,"60":1,"61":114,"62":2,"63":112,"64":4,"65":108,"66":2,"67":106,"68":1,"69":105,"70":315,"71":315,"72":105,"73":315,"74":105,"75":1,"76":34,"77":34,"78":34,"79":34,"80":34,"81":34,"82":34,"83":119,"84":1,"85":1,"86":118,"87":1,"88":1,"89":117,"90":105,"91":105,"92":105,"93":105,"94":105,"95":8,"96":8,"97":105,"98":2,"99":208,"100":11,"101":11,"102":22,"103":13,"104":1},"f":{"0":40,"1":1,"2":3,"3":1,"4":3,"5":9,"6":1,"7":3,"8":3,"9":1006,"10":3018,"11":9054,"12":105,"13":315,"14":945,"15":105,"16":784,"17":105,"18":11,"19":33,"20":99,"21":117,"22":315,"23":34,"24":119,"25":208,"26":11,"27":11,"28":22,"29":13},"b":{"0":[3,2],"1":[3,2],"2":[3,2],"3":[3,2],"4":[3,2],"5":[3,2],"6":[0,1006],"7":[1006,1006,1006],"8":[0,3018],"9":[3018,3018,3018],"10":[0,3018],"11":[9054,8746,8454,1472],"12":[0,105],"13":[105,50],"14":[205,740],"15":[776,2093],"16":[2869,1113],"17":[37,62],"18":[2,115],"19":[117,116],"20":[1,114],"21":[115,114],"22":[2,112],"23":[114,112],"24":[4,108],"25":[112,109],"26":[2,106],"27":[108,53],"28":[1,105],"29":[105,210],"30":[1,118],"31":[1,117],"32":[24,81],"33":[8,97],"34":[2,103]},"_coverageSchema":"1a1c01bbd47fc00a2c39e90264f33305004495a9","hash":"92b46cdab17b9d2720c41b8e7061bd2975591973"}
,"/home/peter/Code/tictactoe/utils.js": {"path":"/home/peter/Code/tictactoe/utils.js","statementMap":{"0":{"start":{"line":1,"column":18},"end":{"line":1,"column":40}},"1":{"start":{"line":4,"column":13},"end":{"line":4,"column":32}},"2":{"start":{"line":5,"column":2},"end":{"line":5,"column":47}},"3":{"start":{"line":6,"column":10},"end":{"line":6,"column":11}},"4":{"start":{"line":7,"column":2},"end":{"line":21,"column":3}},"5":{"start":{"line":8,"column":4},"end":{"line":9,"column":80}},"6":{"start":{"line":10,"column":4},"end":{"line":10,"column":37}},"7":{"start":{"line":11,"column":4},"end":{"line":19,"column":5}},"8":{"start":{"line":12,"column":6},"end":{"line":12,"column":35}},"9":{"start":{"line":13,"column":6},"end":{"line":18,"column":7}},"10":{"start":{"line":14,"column":8},"end":{"line":14,"column":52}},"11":{"start":{"line":15,"column":8},"end":{"line":15,"column":20}},"12":{"start":{"line":17,"column":8},"end":{"line":17,"column":69}},"13":{"start":{"line":20,"column":4},"end":{"line":20,"column":8}},"14":{"start":{"line":22,"column":2},"end":{"line":22,"column":14}},"15":{"start":{"line":25,"column":18},"end":{"line":28,"column":58}},"16":{"start":{"line":26,"column":2},"end":{"line":28,"column":58}},"17":{"start":{"line":28,"column":19},"end":{"line":28,"column":57}},"18":{"start":{"line":31,"column":15},"end":{"line":31,"column":23}},"19":{"start":{"line":32,"column":19},"end":{"line":32,"column":21}},"20":{"start":{"line":33,"column":2},"end":{"line":35,"column":3}},"21":{"start":{"line":34,"column":4},"end":{"line":34,"column":78}},"22":{"start":{"line":36,"column":2},"end":{"line":36,"column":18}},"23":{"start":{"line":39,"column":23},"end":{"line":80,"column":2}},"24":{"start":{"line":39,"column":30},"end":{"line":80,"column":1}},"25":{"start":{"line":83,"column":2},"end":{"line":85,"column":3}},"26":{"start":{"line":84,"column":4},"end":{"line":84,"column":44}},"27":{"start":{"line":86,"column":37},"end":{"line":86,"column":50}},"28":{"start":{"line":87,"column":2},"end":{"line":89,"column":3}},"29":{"start":{"line":88,"column":4},"end":{"line":88,"column":42}},"30":{"start":{"line":90,"column":24},"end":{"line":92,"column":3}},"31":{"start":{"line":91,"column":4},"end":{"line":91,"column":61}},"32":{"start":{"line":91,"column":23},"end":{"line":91,"column":59}},"33":{"start":{"line":93,"column":22},"end":{"line":93,"column":38}},"34":{"start":{"line":94,"column":20},"end":{"line":94,"column":22}},"35":{"start":{"line":96,"column":2},"end":{"line":108,"column":3}},"36":{"start":{"line":97,"column":4},"end":{"line":97,"column":19}},"37":{"start":{"line":98,"column":4},"end":{"line":104,"column":5}},"38":{"start":{"line":98,"column":17},"end":{"line":98,"column":18}},"39":{"start":{"line":99,"column":6},"end":{"line":103,"column":7}},"40":{"start":{"line":99,"column":19},"end":{"line":99,"column":20}},"41":{"start":{"line":100,"column":8},"end":{"line":102,"column":9}},"42":{"start":{"line":101,"column":10},"end":{"line":101,"column":26}},"43":{"start":{"line":105,"column":4},"end":{"line":107,"column":5}},"44":{"start":{"line":106,"column":6},"end":{"line":106,"column":28}},"45":{"start":{"line":109,"column":2},"end":{"line":111,"column":3}},"46":{"start":{"line":110,"column":4},"end":{"line":110,"column":27}},"47":{"start":{"line":112,"column":2},"end":{"line":112,"column":19}},"48":{"start":{"line":115,"column":20},"end":{"line":116,"column":63}},"49":{"start":{"line":116,"column":2},"end":{"line":116,"column":63}},"50":{"start":{"line":118,"column":19},"end":{"line":119,"column":63}},"51":{"start":{"line":119,"column":2},"end":{"line":119,"column":63}},"52":{"start":{"line":119,"column":28},"end":{"line":119,"column":62}},"53":{"start":{"line":121,"column":22},"end":{"line":121,"column":60}},"54":{"start":{"line":121,"column":28},"end":{"line":121,"column":60}},"55":{"start":{"line":123,"column":19},"end":{"line":123,"column":61}},"56":{"start":{"line":123,"column":25},"end":{"line":123,"column":61}},"57":{"start":{"line":125,"column":17},"end":{"line":125,"column":46}},"58":{"start":{"line":125,"column":33},"end":{"line":125,"column":46}},"59":{"start":{"line":127,"column":19},"end":{"line":127,"column":76}},"60":{"start":{"line":127,"column":30},"end":{"line":127,"column":76}},"61":{"start":{"line":129,"column":24},"end":{"line":129,"column":68}},"62":{"start":{"line":129,"column":37},"end":{"line":129,"column":68}},"63":{"start":{"line":131,"column":26},"end":{"line":135,"column":20}},"64":{"start":{"line":132,"column":2},"end":{"line":135,"column":20}},"65":{"start":{"line":134,"column":18},"end":{"line":134,"column":28}},"66":{"start":{"line":137,"column":31},"end":{"line":138,"column":42}},"67":{"start":{"line":138,"column":2},"end":{"line":138,"column":42}},"68":{"start":{"line":138,"column":33},"end":{"line":138,"column":41}},"69":{"start":{"line":140,"column":30},"end":{"line":141,"column":71}},"70":{"start":{"line":141,"column":2},"end":{"line":141,"column":71}},"71":{"start":{"line":141,"column":31},"end":{"line":141,"column":70}},"72":{"start":{"line":143,"column":0},"end":{"line":156,"column":2}}},"fnMap":{"0":{"name":"playbackGame","decl":{"start":{"line":3,"column":9},"end":{"line":3,"column":21}},"loc":{"start":{"line":3,"column":51},"end":{"line":23,"column":1}},"line":3},"1":{"name":"(anonymous_1)","decl":{"start":{"line":25,"column":18},"end":{"line":25,"column":19}},"loc":{"start":{"line":26,"column":2},"end":{"line":28,"column":58}},"line":26},"2":{"name":"(anonymous_2)","decl":{"start":{"line":28,"column":9},"end":{"line":28,"column":10}},"loc":{"start":{"line":28,"column":19},"end":{"line":28,"column":57}},"line":28},"3":{"name":"shuffle","decl":{"start":{"line":30,"column":9},"end":{"line":30,"column":16}},"loc":{"start":{"line":30,"column":22},"end":{"line":37,"column":1}},"line":30},"4":{"name":"(anonymous_4)","decl":{"start":{"line":39,"column":23},"end":{"line":39,"column":24}},"loc":{"start":{"line":39,"column":30},"end":{"line":80,"column":1}},"line":39},"5":{"name":"categorize","decl":{"start":{"line":82,"column":9},"end":{"line":82,"column":19}},"loc":{"start":{"line":82,"column":26},"end":{"line":113,"column":1}},"line":82},"6":{"name":"(anonymous_6)","decl":{"start":{"line":90,"column":34},"end":{"line":90,"column":35}},"loc":{"start":{"line":91,"column":4},"end":{"line":91,"column":61}},"line":91},"7":{"name":"(anonymous_7)","decl":{"start":{"line":91,"column":12},"end":{"line":91,"column":13}},"loc":{"start":{"line":91,"column":23},"end":{"line":91,"column":59}},"line":91},"8":{"name":"(anonymous_8)","decl":{"start":{"line":115,"column":20},"end":{"line":115,"column":21}},"loc":{"start":{"line":116,"column":2},"end":{"line":116,"column":63}},"line":116},"9":{"name":"(anonymous_9)","decl":{"start":{"line":118,"column":19},"end":{"line":118,"column":20}},"loc":{"start":{"line":119,"column":2},"end":{"line":119,"column":63}},"line":119},"10":{"name":"(anonymous_10)","decl":{"start":{"line":119,"column":16},"end":{"line":119,"column":17}},"loc":{"start":{"line":119,"column":28},"end":{"line":119,"column":62}},"line":119},"11":{"name":"(anonymous_11)","decl":{"start":{"line":121,"column":22},"end":{"line":121,"column":23}},"loc":{"start":{"line":121,"column":28},"end":{"line":121,"column":60}},"line":121},"12":{"name":"(anonymous_12)","decl":{"start":{"line":123,"column":19},"end":{"line":123,"column":20}},"loc":{"start":{"line":123,"column":25},"end":{"line":123,"column":61}},"line":123},"13":{"name":"(anonymous_13)","decl":{"start":{"line":125,"column":17},"end":{"line":125,"column":18}},"loc":{"start":{"line":125,"column":33},"end":{"line":125,"column":46}},"line":125},"14":{"name":"(anonymous_14)","decl":{"start":{"line":127,"column":19},"end":{"line":127,"column":20}},"loc":{"start":{"line":127,"column":30},"end":{"line":127,"column":76}},"line":127},"15":{"name":"(anonymous_15)","decl":{"start":{"line":129,"column":24},"end":{"line":129,"column":25}},"loc":{"start":{"line":129,"column":37},"end":{"line":129,"column":68}},"line":129},"16":{"name":"(anonymous_16)","decl":{"start":{"line":131,"column":26},"end":{"line":131,"column":27}},"loc":{"start":{"line":132,"column":2},"end":{"line":135,"column":20}},"line":132},"17":{"name":"(anonymous_17)","decl":{"start":{"line":134,"column":9},"end":{"line":134,"column":10}},"loc":{"start":{"line":134,"column":18},"end":{"line":134,"column":28}},"line":134},"18":{"name":"(anonymous_18)","decl":{"start":{"line":137,"column":31},"end":{"line":137,"column":32}},"loc":{"start":{"line":138,"column":2},"end":{"line":138,"column":42}},"line":138},"19":{"name":"(anonymous_19)","decl":{"start":{"line":138,"column":14},"end":{"line":138,"column":15}},"loc":{"start":{"line":138,"column":33},"end":{"line":138,"column":41}},"line":138},"20":{"name":"(anonymous_20)","decl":{"start":{"line":140,"column":30},"end":{"line":140,"column":31}},"loc":{"start":{"line":141,"column":2},"end":{"line":141,"column":71}},"line":141},"21":{"name":"(anonymous_21)","decl":{"start":{"line":141,"column":14},"end":{"line":141,"column":15}},"loc":{"start":{"line":141,"column":31},"end":{"line":141,"column":70}},"line":141}},"branchMap":{"0":{"loc":{"start":{"line":3,"column":35},"end":{"line":3,"column":49}},"type":"default-arg","locations":[{"start":{"line":3,"column":45},"end":{"line":3,"column":49}}],"line":3},"1":{"loc":{"start":{"line":5,"column":2},"end":{"line":5,"column":46}},"type":"binary-expr","locations":[{"start":{"line":5,"column":2},"end":{"line":5,"column":9}},{"start":{"line":5,"column":13},"end":{"line":5,"column":46}}],"line":5},"2":{"loc":{"start":{"line":7,"column":9},"end":{"line":7,"column":49}},"type":"binary-expr","locations":[{"start":{"line":7,"column":9},"end":{"line":7,"column":31}},{"start":{"line":7,"column":35},"end":{"line":7,"column":49}}],"line":7},"3":{"loc":{"start":{"line":8,"column":4},"end":{"line":9,"column":79}},"type":"binary-expr","locations":[{"start":{"line":8,"column":4},"end":{"line":8,"column":11}},{"start":{"line":9,"column":6},"end":{"line":9,"column":79}}],"line":8},"4":{"loc":{"start":{"line":11,"column":4},"end":{"line":19,"column":5}},"type":"if","locations":[{"start":{"line":11,"column":4},"end":{"line":19,"column":5}},{"start":{},"end":{}}],"line":11},"5":{"loc":{"start":{"line":12,"column":6},"end":{"line":12,"column":34}},"type":"binary-expr","locations":[{"start":{"line":12,"column":6},"end":{"line":12,"column":13}},{"start":{"line":12,"column":17},"end":{"line":12,"column":34}}],"line":12},"6":{"loc":{"start":{"line":13,"column":6},"end":{"line":18,"column":7}},"type":"if","locations":[{"start":{"line":13,"column":6},"end":{"line":18,"column":7}},{"start":{"line":16,"column":13},"end":{"line":18,"column":7}}],"line":13},"7":{"loc":{"start":{"line":14,"column":8},"end":{"line":14,"column":51}},"type":"binary-expr","locations":[{"start":{"line":14,"column":8},"end":{"line":14,"column":15}},{"start":{"line":14,"column":19},"end":{"line":14,"column":51}}],"line":14},"8":{"loc":{"start":{"line":17,"column":8},"end":{"line":17,"column":68}},"type":"binary-expr","locations":[{"start":{"line":17,"column":8},"end":{"line":17,"column":15}},{"start":{"line":17,"column":19},"end":{"line":17,"column":68}}],"line":17},"9":{"loc":{"start":{"line":83,"column":2},"end":{"line":85,"column":3}},"type":"if","locations":[{"start":{"line":83,"column":2},"end":{"line":85,"column":3}},{"start":{},"end":{}}],"line":83},"10":{"loc":{"start":{"line":87,"column":2},"end":{"line":89,"column":3}},"type":"if","locations":[{"start":{"line":87,"column":2},"end":{"line":89,"column":3}},{"start":{},"end":{}}],"line":87},"11":{"loc":{"start":{"line":87,"column":6},"end":{"line":87,"column":43}},"type":"binary-expr","locations":[{"start":{"line":87,"column":6},"end":{"line":87,"column":21}},{"start":{"line":87,"column":25},"end":{"line":87,"column":43}}],"line":87},"12":{"loc":{"start":{"line":91,"column":23},"end":{"line":91,"column":59}},"type":"cond-expr","locations":[{"start":{"line":91,"column":48},"end":{"line":91,"column":52}},{"start":{"line":91,"column":55},"end":{"line":91,"column":59}}],"line":91},"13":{"loc":{"start":{"line":100,"column":8},"end":{"line":102,"column":9}},"type":"if","locations":[{"start":{"line":100,"column":8},"end":{"line":102,"column":9}},{"start":{},"end":{}}],"line":100},"14":{"loc":{"start":{"line":100,"column":12},"end":{"line":100,"column":66}},"type":"binary-expr","locations":[{"start":{"line":100,"column":12},"end":{"line":100,"column":34}},{"start":{"line":100,"column":38},"end":{"line":100,"column":66}}],"line":100},"15":{"loc":{"start":{"line":105,"column":4},"end":{"line":107,"column":5}},"type":"if","locations":[{"start":{"line":105,"column":4},"end":{"line":107,"column":5}},{"start":{},"end":{}}],"line":105},"16":{"loc":{"start":{"line":109,"column":2},"end":{"line":111,"column":3}},"type":"if","locations":[{"start":{"line":109,"column":2},"end":{"line":111,"column":3}},{"start":{},"end":{}}],"line":109},"17":{"loc":{"start":{"line":116,"column":2},"end":{"line":116,"column":63}},"type":"cond-expr","locations":[{"start":{"line":116,"column":18},"end":{"line":116,"column":29}},{"start":{"line":116,"column":32},"end":{"line":116,"column":63}}],"line":116},"18":{"loc":{"start":{"line":116,"column":32},"end":{"line":116,"column":63}},"type":"cond-expr","locations":[{"start":{"line":116,"column":54},"end":{"line":116,"column":57}},{"start":{"line":116,"column":60},"end":{"line":116,"column":63}}],"line":116},"19":{"loc":{"start":{"line":118,"column":31},"end":{"line":118,"column":48}},"type":"default-arg","locations":[{"start":{"line":118,"column":45},"end":{"line":118,"column":48}}],"line":118},"20":{"loc":{"start":{"line":140,"column":40},"end":{"line":140,"column":57}},"type":"default-arg","locations":[{"start":{"line":140,"column":54},"end":{"line":140,"column":57}}],"line":140}},"s":{"0":1,"1":22,"2":22,"3":22,"4":22,"5":101,"6":101,"7":101,"8":10,"9":10,"10":2,"11":2,"12":8,"13":99,"14":20,"15":1,"16":0,"17":0,"18":0,"19":0,"20":0,"21":0,"22":0,"23":1,"24":0,"25":0,"26":0,"27":0,"28":0,"29":0,"30":0,"31":0,"32":0,"33":0,"34":0,"35":0,"36":0,"37":0,"38":0,"39":0,"40":0,"41":0,"42":0,"43":0,"44":0,"45":0,"46":0,"47":0,"48":1,"49":0,"50":1,"51":0,"52":0,"53":1,"54":0,"55":1,"56":0,"57":1,"58":0,"59":1,"60":0,"61":1,"62":0,"63":1,"64":0,"65":0,"66":1,"67":0,"68":0,"69":1,"70":0,"71":0,"72":1},"f":{"0":22,"1":0,"2":0,"3":0,"4":0,"5":0,"6":0,"7":0,"8":0,"9":0,"10":0,"11":0,"12":0,"13":0,"14":0,"15":0,"16":0,"17":0,"18":0,"19":0,"20":0,"21":0},"b":{"0":[22],"1":[22,22],"2":[121,101],"3":[101,101],"4":[10,91],"5":[10,10],"6":[2,8],"7":[2,2],"8":[8,8],"9":[0,0],"10":[0,0],"11":[0,0],"12":[0,0],"13":[0,0],"14":[0,0],"15":[0,0],"16":[0,0],"17":[0,0],"18":[0,0],"19":[0],"20":[0]},"_coverageSchema":"1a1c01bbd47fc00a2c39e90264f33305004495a9","hash":"c0c58e99c3a25aaf1c011ce885bb409c9e6e5b57"}
}
