{"/home/peter/Code/tictactoe/utils.js": {"path":"/home/peter/Code/tictactoe/utils.js","statementMap":{"0":{"start":{"line":1,"column":18},"end":{"line":1,"column":45}},"1":{"start":{"line":4,"column":13},"end":{"line":4,"column":32}},"2":{"start":{"line":5,"column":2},"end":{"line":5,"column":47}},"3":{"start":{"line":6,"column":10},"end":{"line":6,"column":11}},"4":{"start":{"line":7,"column":2},"end":{"line":21,"column":3}},"5":{"start":{"line":8,"column":4},"end":{"line":9,"column":80}},"6":{"start":{"line":10,"column":4},"end":{"line":10,"column":37}},"7":{"start":{"line":11,"column":4},"end":{"line":19,"column":5}},"8":{"start":{"line":12,"column":6},"end":{"line":12,"column":35}},"9":{"start":{"line":13,"column":6},"end":{"line":18,"column":7}},"10":{"start":{"line":14,"column":8},"end":{"line":14,"column":52}},"11":{"start":{"line":15,"column":8},"end":{"line":15,"column":20}},"12":{"start":{"line":17,"column":8},"end":{"line":17,"column":69}},"13":{"start":{"line":20,"column":4},"end":{"line":20,"column":8}},"14":{"start":{"line":22,"column":2},"end":{"line":22,"column":14}},"15":{"start":{"line":25,"column":18},"end":{"line":28,"column":58}},"16":{"start":{"line":26,"column":2},"end":{"line":28,"column":58}},"17":{"start":{"line":28,"column":19},"end":{"line":28,"column":57}},"18":{"start":{"line":31,"column":15},"end":{"line":31,"column":23}},"19":{"start":{"line":32,"column":19},"end":{"line":32,"column":21}},"20":{"start":{"line":33,"column":2},"end":{"line":35,"column":3}},"21":{"start":{"line":34,"column":4},"end":{"line":34,"column":78}},"22":{"start":{"line":36,"column":2},"end":{"line":36,"column":18}},"23":{"start":{"line":39,"column":23},"end":{"line":80,"column":2}},"24":{"start":{"line":39,"column":30},"end":{"line":80,"column":1}},"25":{"start":{"line":83,"column":2},"end":{"line":85,"column":3}},"26":{"start":{"line":84,"column":4},"end":{"line":84,"column":44}},"27":{"start":{"line":86,"column":37},"end":{"line":86,"column":50}},"28":{"start":{"line":87,"column":2},"end":{"line":89,"column":3}},"29":{"start":{"line":88,"column":4},"end":{"line":88,"column":42}},"30":{"start":{"line":90,"column":24},"end":{"line":92,"column":3}},"31":{"start":{"line":91,"column":4},"end":{"line":91,"column":61}},"32":{"start":{"line":91,"column":23},"end":{"line":91,"column":59}},"33":{"start":{"line":93,"column":22},"end":{"line":93,"column":38}},"34":{"start":{"line":94,"column":20},"end":{"line":94,"column":22}},"35":{"start":{"line":96,"column":2},"end":{"line":108,"column":3}},"36":{"start":{"line":97,"column":4},"end":{"line":97,"column":19}},"37":{"start":{"line":98,"column":4},"end":{"line":104,"column":5}},"38":{"start":{"line":98,"column":17},"end":{"line":98,"column":18}},"39":{"start":{"line":99,"column":6},"end":{"line":103,"column":7}},"40":{"start":{"line":99,"column":19},"end":{"line":99,"column":20}},"41":{"start":{"line":100,"column":8},"end":{"line":102,"column":9}},"42":{"start":{"line":101,"column":10},"end":{"line":101,"column":26}},"43":{"start":{"line":105,"column":4},"end":{"line":107,"column":5}},"44":{"start":{"line":106,"column":6},"end":{"line":106,"column":28}},"45":{"start":{"line":109,"column":2},"end":{"line":111,"column":3}},"46":{"start":{"line":110,"column":4},"end":{"line":110,"column":27}},"47":{"start":{"line":112,"column":2},"end":{"line":112,"column":19}},"48":{"start":{"line":115,"column":20},"end":{"line":116,"column":63}},"49":{"start":{"line":116,"column":2},"end":{"line":116,"column":63}},"50":{"start":{"line":118,"column":19},"end":{"line":119,"column":63}},"51":{"start":{"line":119,"column":2},"end":{"line":119,"column":63}},"52":{"start":{"line":119,"column":28},"end":{"line":119,"column":62}},"53":{"start":{"line":121,"column":22},"end":{"line":121,"column":60}},"54":{"start":{"line":121,"column":28},"end":{"line":121,"column":60}},"55":{"start":{"line":123,"column":19},"end":{"line":123,"column":61}},"56":{"start":{"line":123,"column":25},"end":{"line":123,"column":61}},"57":{"start":{"line":125,"column":17},"end":{"line":125,"column":46}},"58":{"start":{"line":125,"column":33},"end":{"line":125,"column":46}},"59":{"start":{"line":127,"column":19},"end":{"line":127,"column":76}},"60":{"start":{"line":127,"column":30},"end":{"line":127,"column":76}},"61":{"start":{"line":129,"column":24},"end":{"line":129,"column":68}},"62":{"start":{"line":129,"column":37},"end":{"line":129,"column":68}},"63":{"start":{"line":131,"column":26},"end":{"line":135,"column":20}},"64":{"start":{"line":132,"column":2},"end":{"line":135,"column":20}},"65":{"start":{"line":134,"column":18},"end":{"line":134,"column":28}},"66":{"start":{"line":137,"column":31},"end":{"line":138,"column":42}},"67":{"start":{"line":138,"column":2},"end":{"line":138,"column":42}},"68":{"start":{"line":138,"column":33},"end":{"line":138,"column":41}},"69":{"start":{"line":140,"column":30},"end":{"line":141,"column":71}},"70":{"start":{"line":141,"column":2},"end":{"line":141,"column":71}},"71":{"start":{"line":141,"column":31},"end":{"line":141,"column":70}},"72":{"start":{"line":143,"column":0},"end":{"line":156,"column":2}}},"fnMap":{"0":{"name":"playbackGame","decl":{"start":{"line":3,"column":9},"end":{"line":3,"column":21}},"loc":{"start":{"line":3,"column":51},"end":{"line":23,"column":1}},"line":3},"1":{"name":"(anonymous_1)","decl":{"start":{"line":25,"column":18},"end":{"line":25,"column":19}},"loc":{"start":{"line":26,"column":2},"end":{"line":28,"column":58}},"line":26},"2":{"name":"(anonymous_2)","decl":{"start":{"line":28,"column":9},"end":{"line":28,"column":10}},"loc":{"start":{"line":28,"column":19},"end":{"line":28,"column":57}},"line":28},"3":{"name":"shuffle","decl":{"start":{"line":30,"column":9},"end":{"line":30,"column":16}},"loc":{"start":{"line":30,"column":22},"end":{"line":37,"column":1}},"line":30},"4":{"name":"(anonymous_4)","decl":{"start":{"line":39,"column":23},"end":{"line":39,"column":24}},"loc":{"start":{"line":39,"column":30},"end":{"line":80,"column":1}},"line":39},"5":{"name":"categorize","decl":{"start":{"line":82,"column":9},"end":{"line":82,"column":19}},"loc":{"start":{"line":82,"column":26},"end":{"line":113,"column":1}},"line":82},"6":{"name":"(anonymous_6)","decl":{"start":{"line":90,"column":34},"end":{"line":90,"column":35}},"loc":{"start":{"line":91,"column":4},"end":{"line":91,"column":61}},"line":91},"7":{"name":"(anonymous_7)","decl":{"start":{"line":91,"column":12},"end":{"line":91,"column":13}},"loc":{"start":{"line":91,"column":23},"end":{"line":91,"column":59}},"line":91},"8":{"name":"(anonymous_8)","decl":{"start":{"line":115,"column":20},"end":{"line":115,"column":21}},"loc":{"start":{"line":116,"column":2},"end":{"line":116,"column":63}},"line":116},"9":{"name":"(anonymous_9)","decl":{"start":{"line":118,"column":19},"end":{"line":118,"column":20}},"loc":{"start":{"line":119,"column":2},"end":{"line":119,"column":63}},"line":119},"10":{"name":"(anonymous_10)","decl":{"start":{"line":119,"column":16},"end":{"line":119,"column":17}},"loc":{"start":{"line":119,"column":28},"end":{"line":119,"column":62}},"line":119},"11":{"name":"(anonymous_11)","decl":{"start":{"line":121,"column":22},"end":{"line":121,"column":23}},"loc":{"start":{"line":121,"column":28},"end":{"line":121,"column":60}},"line":121},"12":{"name":"(anonymous_12)","decl":{"start":{"line":123,"column":19},"end":{"line":123,"column":20}},"loc":{"start":{"line":123,"column":25},"end":{"line":123,"column":61}},"line":123},"13":{"name":"(anonymous_13)","decl":{"start":{"line":125,"column":17},"end":{"line":125,"column":18}},"loc":{"start":{"line":125,"column":33},"end":{"line":125,"column":46}},"line":125},"14":{"name":"(anonymous_14)","decl":{"start":{"line":127,"column":19},"end":{"line":127,"column":20}},"loc":{"start":{"line":127,"column":30},"end":{"line":127,"column":76}},"line":127},"15":{"name":"(anonymous_15)","decl":{"start":{"line":129,"column":24},"end":{"line":129,"column":25}},"loc":{"start":{"line":129,"column":37},"end":{"line":129,"column":68}},"line":129},"16":{"name":"(anonymous_16)","decl":{"start":{"line":131,"column":26},"end":{"line":131,"column":27}},"loc":{"start":{"line":132,"column":2},"end":{"line":135,"column":20}},"line":132},"17":{"name":"(anonymous_17)","decl":{"start":{"line":134,"column":9},"end":{"line":134,"column":10}},"loc":{"start":{"line":134,"column":18},"end":{"line":134,"column":28}},"line":134},"18":{"name":"(anonymous_18)","decl":{"start":{"line":137,"column":31},"end":{"line":137,"column":32}},"loc":{"start":{"line":138,"column":2},"end":{"line":138,"column":42}},"line":138},"19":{"name":"(anonymous_19)","decl":{"start":{"line":138,"column":14},"end":{"line":138,"column":15}},"loc":{"start":{"line":138,"column":33},"end":{"line":138,"column":41}},"line":138},"20":{"name":"(anonymous_20)","decl":{"start":{"line":140,"column":30},"end":{"line":140,"column":31}},"loc":{"start":{"line":141,"column":2},"end":{"line":141,"column":71}},"line":141},"21":{"name":"(anonymous_21)","decl":{"start":{"line":141,"column":14},"end":{"line":141,"column":15}},"loc":{"start":{"line":141,"column":31},"end":{"line":141,"column":70}},"line":141}},"branchMap":{"0":{"loc":{"start":{"line":3,"column":35},"end":{"line":3,"column":49}},"type":"default-arg","locations":[{"start":{"line":3,"column":45},"end":{"line":3,"column":49}}],"line":3},"1":{"loc":{"start":{"line":5,"column":2},"end":{"line":5,"column":46}},"type":"binary-expr","locations":[{"start":{"line":5,"column":2},"end":{"line":5,"column":9}},{"start":{"line":5,"column":13},"end":{"line":5,"column":46}}],"line":5},"2":{"loc":{"start":{"line":7,"column":9},"end":{"line":7,"column":49}},"type":"binary-expr","locations":[{"start":{"line":7,"column":9},"end":{"line":7,"column":31}},{"start":{"line":7,"column":35},"end":{"line":7,"column":49}}],"line":7},"3":{"loc":{"start":{"line":8,"column":4},"end":{"line":9,"column":79}},"type":"binary-expr","locations":[{"start":{"line":8,"column":4},"end":{"line":8,"column":11}},{"start":{"line":9,"column":6},"end":{"line":9,"column":79}}],"line":8},"4":{"loc":{"start":{"line":11,"column":4},"end":{"line":19,"column":5}},"type":"if","locations":[{"start":{"line":11,"column":4},"end":{"line":19,"column":5}},{"start":{},"end":{}}],"line":11},"5":{"loc":{"start":{"line":12,"column":6},"end":{"line":12,"column":34}},"type":"binary-expr","locations":[{"start":{"line":12,"column":6},"end":{"line":12,"column":13}},{"start":{"line":12,"column":17},"end":{"line":12,"column":34}}],"line":12},"6":{"loc":{"start":{"line":13,"column":6},"end":{"line":18,"column":7}},"type":"if","locations":[{"start":{"line":13,"column":6},"end":{"line":18,"column":7}},{"start":{"line":16,"column":13},"end":{"line":18,"column":7}}],"line":13},"7":{"loc":{"start":{"line":14,"column":8},"end":{"line":14,"column":51}},"type":"binary-expr","locations":[{"start":{"line":14,"column":8},"end":{"line":14,"column":15}},{"start":{"line":14,"column":19},"end":{"line":14,"column":51}}],"line":14},"8":{"loc":{"start":{"line":17,"column":8},"end":{"line":17,"column":68}},"type":"binary-expr","locations":[{"start":{"line":17,"column":8},"end":{"line":17,"column":15}},{"start":{"line":17,"column":19},"end":{"line":17,"column":68}}],"line":17},"9":{"loc":{"start":{"line":83,"column":2},"end":{"line":85,"column":3}},"type":"if","locations":[{"start":{"line":83,"column":2},"end":{"line":85,"column":3}},{"start":{},"end":{}}],"line":83},"10":{"loc":{"start":{"line":87,"column":2},"end":{"line":89,"column":3}},"type":"if","locations":[{"start":{"line":87,"column":2},"end":{"line":89,"column":3}},{"start":{},"end":{}}],"line":87},"11":{"loc":{"start":{"line":87,"column":6},"end":{"line":87,"column":43}},"type":"binary-expr","locations":[{"start":{"line":87,"column":6},"end":{"line":87,"column":21}},{"start":{"line":87,"column":25},"end":{"line":87,"column":43}}],"line":87},"12":{"loc":{"start":{"line":91,"column":23},"end":{"line":91,"column":59}},"type":"cond-expr","locations":[{"start":{"line":91,"column":48},"end":{"line":91,"column":52}},{"start":{"line":91,"column":55},"end":{"line":91,"column":59}}],"line":91},"13":{"loc":{"start":{"line":100,"column":8},"end":{"line":102,"column":9}},"type":"if","locations":[{"start":{"line":100,"column":8},"end":{"line":102,"column":9}},{"start":{},"end":{}}],"line":100},"14":{"loc":{"start":{"line":100,"column":12},"end":{"line":100,"column":66}},"type":"binary-expr","locations":[{"start":{"line":100,"column":12},"end":{"line":100,"column":34}},{"start":{"line":100,"column":38},"end":{"line":100,"column":66}}],"line":100},"15":{"loc":{"start":{"line":105,"column":4},"end":{"line":107,"column":5}},"type":"if","locations":[{"start":{"line":105,"column":4},"end":{"line":107,"column":5}},{"start":{},"end":{}}],"line":105},"16":{"loc":{"start":{"line":109,"column":2},"end":{"line":111,"column":3}},"type":"if","locations":[{"start":{"line":109,"column":2},"end":{"line":111,"column":3}},{"start":{},"end":{}}],"line":109},"17":{"loc":{"start":{"line":116,"column":2},"end":{"line":116,"column":63}},"type":"cond-expr","locations":[{"start":{"line":116,"column":18},"end":{"line":116,"column":29}},{"start":{"line":116,"column":32},"end":{"line":116,"column":63}}],"line":116},"18":{"loc":{"start":{"line":116,"column":32},"end":{"line":116,"column":63}},"type":"cond-expr","locations":[{"start":{"line":116,"column":54},"end":{"line":116,"column":57}},{"start":{"line":116,"column":60},"end":{"line":116,"column":63}}],"line":116},"19":{"loc":{"start":{"line":118,"column":31},"end":{"line":118,"column":48}},"type":"default-arg","locations":[{"start":{"line":118,"column":45},"end":{"line":118,"column":48}}],"line":118},"20":{"loc":{"start":{"line":140,"column":40},"end":{"line":140,"column":57}},"type":"default-arg","locations":[{"start":{"line":140,"column":54},"end":{"line":140,"column":57}}],"line":140}},"s":{"0":1,"1":23,"2":23,"3":23,"4":23,"5":109,"6":109,"7":109,"8":11,"9":11,"10":2,"11":2,"12":9,"13":107,"14":21,"15":1,"16":0,"17":0,"18":0,"19":0,"20":0,"21":0,"22":0,"23":1,"24":0,"25":0,"26":0,"27":0,"28":0,"29":0,"30":0,"31":0,"32":0,"33":0,"34":0,"35":0,"36":0,"37":0,"38":0,"39":0,"40":0,"41":0,"42":0,"43":0,"44":0,"45":0,"46":0,"47":0,"48":1,"49":0,"50":1,"51":0,"52":0,"53":1,"54":0,"55":1,"56":0,"57":1,"58":0,"59":1,"60":0,"61":1,"62":0,"63":1,"64":0,"65":0,"66":1,"67":0,"68":0,"69":1,"70":0,"71":0,"72":1},"f":{"0":23,"1":0,"2":0,"3":0,"4":0,"5":0,"6":0,"7":0,"8":0,"9":0,"10":0,"11":0,"12":0,"13":0,"14":0,"15":0,"16":0,"17":0,"18":0,"19":0,"20":0,"21":0},"b":{"0":[23],"1":[23,23],"2":[130,109],"3":[109,109],"4":[11,98],"5":[11,11],"6":[2,9],"7":[2,2],"8":[9,9],"9":[0,0],"10":[0,0],"11":[0,0],"12":[0,0],"13":[0,0],"14":[0,0],"15":[0,0],"16":[0,0],"17":[0,0],"18":[0,0],"19":[0],"20":[0]},"_coverageSchema":"1a1c01bbd47fc00a2c39e90264f33305004495a9","hash":"aefbc4b61b1d6adb2b8ffd51c19b16280e8d77c2"}
,"/home/peter/Code/tictactoe/src/grid.ts": {"path":"/home/peter/Code/tictactoe/src/grid.ts","statementMap":{"0":{"start":{"line":35,"column":2},"end":{"line":35,"column":15}},"1":{"start":{"line":36,"column":2},"end":{"line":36,"column":16}},"2":{"start":{"line":37,"column":2},"end":{"line":37,"column":19}},"3":{"start":{"line":40,"column":4},"end":{"line":42,"column":null}},"4":{"start":{"line":41,"column":6},"end":{"line":41,"column":49}},"5":{"start":{"line":43,"column":4},"end":{"line":45,"column":null}},"6":{"start":{"line":44,"column":6},"end":{"line":44,"column":49}},"7":{"start":{"line":46,"column":4},"end":{"line":46,"column":22}},"8":{"start":{"line":47,"column":4},"end":{"line":47,"column":28}},"9":{"start":{"line":48,"column":4},"end":{"line":48,"column":41}},"10":{"start":{"line":52,"column":26},"end":{"line":52,"column":34}},"11":{"start":{"line":53,"column":4},"end":{"line":55,"column":null}},"12":{"start":{"line":54,"column":6},"end":{"line":54,"column":47}},"13":{"start":{"line":56,"column":4},"end":{"line":61,"column":null}},"14":{"start":{"line":60,"column":6},"end":{"line":60,"column":47}},"15":{"start":{"line":62,"column":4},"end":{"line":62,"column":52}},"16":{"start":{"line":63,"column":4},"end":{"line":63,"column":16}},"17":{"start":{"line":67,"column":26},"end":{"line":67,"column":34}},"18":{"start":{"line":68,"column":4},"end":{"line":70,"column":null}},"19":{"start":{"line":69,"column":6},"end":{"line":69,"column":47}},"20":{"start":{"line":71,"column":4},"end":{"line":76,"column":null}},"21":{"start":{"line":75,"column":6},"end":{"line":75,"column":47}},"22":{"start":{"line":77,"column":4},"end":{"line":77,"column":51}},"23":{"start":{"line":81,"column":4},"end":{"line":83,"column":null}},"24":{"start":{"line":82,"column":6},"end":{"line":82,"column":42}},"25":{"start":{"line":84,"column":4},"end":{"line":86,"column":null}},"26":{"start":{"line":85,"column":6},"end":{"line":85,"column":42}},"27":{"start":{"line":87,"column":18},"end":{"line":87,"column":37}},"28":{"start":{"line":88,"column":4},"end":{"line":88,"column":60}},"29":{"start":{"line":92,"column":4},"end":{"line":94,"column":null}},"30":{"start":{"line":93,"column":6},"end":{"line":93,"column":42}},"31":{"start":{"line":95,"column":4},"end":{"line":97,"column":null}},"32":{"start":{"line":96,"column":6},"end":{"line":96,"column":42}},"33":{"start":{"line":98,"column":4},"end":{"line":100,"column":null}},"34":{"start":{"line":99,"column":6},"end":{"line":99,"column":44}},"35":{"start":{"line":101,"column":4},"end":{"line":103,"column":null}},"36":{"start":{"line":102,"column":6},"end":{"line":102,"column":44}},"37":{"start":{"line":104,"column":18},"end":{"line":104,"column":37}},"38":{"start":{"line":105,"column":4},"end":{"line":105,"column":57}},"39":{"start":{"line":106,"column":4},"end":{"line":106,"column":16}},"40":{"start":{"line":110,"column":17},"end":{"line":110,"column":19}},"41":{"start":{"line":111,"column":4},"end":{"line":113,"column":null}},"42":{"start":{"line":111,"column":17},"end":{"line":111,"column":18}},"43":{"start":{"line":112,"column":6},"end":{"line":112,"column":31}},"44":{"start":{"line":114,"column":4},"end":{"line":114,"column":16}},"45":{"start":{"line":118,"column":4},"end":{"line":120,"column":null}},"46":{"start":{"line":119,"column":6},"end":{"line":119,"column":45}},"47":{"start":{"line":121,"column":4},"end":{"line":123,"column":null}},"48":{"start":{"line":122,"column":6},"end":{"line":122,"column":45}},"49":{"start":{"line":124,"column":23},"end":{"line":124,"column":25}},"50":{"start":{"line":125,"column":4},"end":{"line":127,"column":null}},"51":{"start":{"line":125,"column":17},"end":{"line":125,"column":18}},"52":{"start":{"line":126,"column":6},"end":{"line":126,"column":63}},"53":{"start":{"line":128,"column":4},"end":{"line":128,"column":22}},"54":{"start":{"line":132,"column":4},"end":{"line":134,"column":null}},"55":{"start":{"line":133,"column":6},"end":{"line":133,"column":45}},"56":{"start":{"line":135,"column":4},"end":{"line":137,"column":null}},"57":{"start":{"line":136,"column":6},"end":{"line":136,"column":45}},"58":{"start":{"line":138,"column":4},"end":{"line":140,"column":null}},"59":{"start":{"line":139,"column":6},"end":{"line":139,"column":47}},"60":{"start":{"line":141,"column":4},"end":{"line":143,"column":null}},"61":{"start":{"line":142,"column":6},"end":{"line":142,"column":47}},"62":{"start":{"line":144,"column":4},"end":{"line":146,"column":null}},"63":{"start":{"line":144,"column":17},"end":{"line":144,"column":18}},"64":{"start":{"line":145,"column":6},"end":{"line":145,"column":59}},"65":{"start":{"line":147,"column":4},"end":{"line":147,"column":16}},"66":{"start":{"line":151,"column":20},"end":{"line":151,"column":22}},"67":{"start":{"line":152,"column":4},"end":{"line":154,"column":null}},"68":{"start":{"line":152,"column":17},"end":{"line":152,"column":18}},"69":{"start":{"line":153,"column":6},"end":{"line":153,"column":37}},"70":{"start":{"line":155,"column":4},"end":{"line":155,"column":19}},"71":{"start":{"line":159,"column":4},"end":{"line":161,"column":null}},"72":{"start":{"line":160,"column":6},"end":{"line":160,"column":44}},"73":{"start":{"line":162,"column":4},"end":{"line":164,"column":null}},"74":{"start":{"line":163,"column":6},"end":{"line":163,"column":44}},"75":{"start":{"line":165,"column":4},"end":{"line":165,"column":32}},"76":{"start":{"line":166,"column":4},"end":{"line":166,"column":16}},"77":{"start":{"line":170,"column":4},"end":{"line":172,"column":null}},"78":{"start":{"line":171,"column":6},"end":{"line":171,"column":44}},"79":{"start":{"line":173,"column":4},"end":{"line":175,"column":null}},"80":{"start":{"line":174,"column":6},"end":{"line":174,"column":44}},"81":{"start":{"line":176,"column":4},"end":{"line":176,"column":31}},"82":{"start":{"line":180,"column":4},"end":{"line":182,"column":null}},"83":{"start":{"line":180,"column":17},"end":{"line":180,"column":18}},"84":{"start":{"line":181,"column":6},"end":{"line":181,"column":30}},"85":{"start":{"line":183,"column":4},"end":{"line":183,"column":16}},"86":{"start":{"line":187,"column":4},"end":{"line":190,"column":6}},"87":{"start":{"line":194,"column":24},"end":{"line":194,"column":26}},"88":{"start":{"line":195,"column":4},"end":{"line":200,"column":null}},"89":{"start":{"line":195,"column":17},"end":{"line":195,"column":18}},"90":{"start":{"line":196,"column":6},"end":{"line":196,"column":19}},"91":{"start":{"line":197,"column":6},"end":{"line":199,"column":null}},"92":{"start":{"line":197,"column":19},"end":{"line":197,"column":20}},"93":{"start":{"line":198,"column":8},"end":{"line":198,"column":54}},"94":{"start":{"line":201,"column":4},"end":{"line":201,"column":16}},"95":{"start":{"line":205,"column":4},"end":{"line":207,"column":null}},"96":{"start":{"line":206,"column":6},"end":{"line":206,"column":44}},"97":{"start":{"line":208,"column":4},"end":{"line":210,"column":null}},"98":{"start":{"line":209,"column":6},"end":{"line":209,"column":44}},"99":{"start":{"line":211,"column":4},"end":{"line":211,"column":52}},"100":{"start":{"line":211,"column":31},"end":{"line":211,"column":50}},"101":{"start":{"line":215,"column":4},"end":{"line":215,"column":29}},"102":{"start":{"line":219,"column":4},"end":{"line":221,"column":null}},"103":{"start":{"line":220,"column":6},"end":{"line":220,"column":44}},"104":{"start":{"line":222,"column":4},"end":{"line":224,"column":null}},"105":{"start":{"line":223,"column":6},"end":{"line":223,"column":44}},"106":{"start":{"line":225,"column":4},"end":{"line":225,"column":31}},"107":{"start":{"line":229,"column":4},"end":{"line":233,"column":null}},"108":{"start":{"line":229,"column":17},"end":{"line":229,"column":18}},"109":{"start":{"line":230,"column":6},"end":{"line":232,"column":null}},"110":{"start":{"line":230,"column":19},"end":{"line":230,"column":20}},"111":{"start":{"line":231,"column":8},"end":{"line":231,"column":71}},"112":{"start":{"line":234,"column":4},"end":{"line":234,"column":16}},"113":{"start":{"line":238,"column":4},"end":{"line":242,"column":null}},"114":{"start":{"line":238,"column":17},"end":{"line":238,"column":18}},"115":{"start":{"line":239,"column":6},"end":{"line":241,"column":null}},"116":{"start":{"line":239,"column":19},"end":{"line":239,"column":20}},"117":{"start":{"line":240,"column":8},"end":{"line":240,"column":45}},"118":{"start":{"line":246,"column":20},"end":{"line":246,"column":58}},"119":{"start":{"line":247,"column":4},"end":{"line":247,"column":46}},"120":{"start":{"line":248,"column":4},"end":{"line":248,"column":19}},"121":{"start":{"line":255,"column":19},"end":{"line":255,"column":23}},"122":{"start":{"line":256,"column":4},"end":{"line":263,"column":7}},"123":{"start":{"line":257,"column":6},"end":{"line":262,"column":null}},"124":{"start":{"line":258,"column":8},"end":{"line":259,"column":73}},"125":{"start":{"line":260,"column":13},"end":{"line":262,"column":null}},"126":{"start":{"line":261,"column":8},"end":{"line":261,"column":73}},"127":{"start":{"line":264,"column":4},"end":{"line":264,"column":20}},"128":{"start":{"line":268,"column":4},"end":{"line":268,"column":53}},"129":{"start":{"line":269,"column":4},"end":{"line":269,"column":16}},"130":{"start":{"line":34,"column":0},"end":{"line":34,"column":13}},"131":{"start":{"line":275,"column":4},"end":{"line":275,"column":16}},"132":{"start":{"line":273,"column":0},"end":{"line":273,"column":13}}},"fnMap":{"0":{"name":"(anonymous_2)","decl":{"start":{"line":39,"column":2},"end":{"line":39,"column":14}},"loc":{"start":{"line":39,"column":43},"end":{"line":49,"column":3}}},"1":{"name":"(anonymous_3)","decl":{"start":{"line":51,"column":2},"end":{"line":51,"column":13}},"loc":{"start":{"line":51,"column":45},"end":{"line":64,"column":3}}},"2":{"name":"(anonymous_4)","decl":{"start":{"line":66,"column":2},"end":{"line":66,"column":13}},"loc":{"start":{"line":66,"column":35},"end":{"line":78,"column":3}}},"3":{"name":"(anonymous_5)","decl":{"start":{"line":80,"column":2},"end":{"line":80,"column":8}},"loc":{"start":{"line":80,"column":20},"end":{"line":89,"column":3}}},"4":{"name":"(anonymous_6)","decl":{"start":{"line":91,"column":2},"end":{"line":91,"column":8}},"loc":{"start":{"line":91,"column":33},"end":{"line":107,"column":3}}},"5":{"name":"(anonymous_7)","decl":{"start":{"line":109,"column":2},"end":{"line":109,"column":9}},"loc":{"start":{"line":109,"column":9},"end":{"line":115,"column":3}}},"6":{"name":"(anonymous_8)","decl":{"start":{"line":117,"column":2},"end":{"line":117,"column":11}},"loc":{"start":{"line":117,"column":26},"end":{"line":129,"column":3}}},"7":{"name":"(anonymous_9)","decl":{"start":{"line":131,"column":2},"end":{"line":131,"column":11}},"loc":{"start":{"line":131,"column":39},"end":{"line":148,"column":3}}},"8":{"name":"(anonymous_10)","decl":{"start":{"line":150,"column":2},"end":{"line":150,"column":12}},"loc":{"start":{"line":150,"column":12},"end":{"line":156,"column":3}}},"9":{"name":"(anonymous_11)","decl":{"start":{"line":158,"column":2},"end":{"line":158,"column":10}},"loc":{"start":{"line":158,"column":34},"end":{"line":167,"column":3}}},"10":{"name":"(anonymous_12)","decl":{"start":{"line":169,"column":2},"end":{"line":169,"column":10}},"loc":{"start":{"line":169,"column":24},"end":{"line":177,"column":3}}},"11":{"name":"(anonymous_13)","decl":{"start":{"line":179,"column":2},"end":{"line":179,"column":6}},"loc":{"start":{"line":179,"column":15},"end":{"line":184,"column":3}}},"12":{"name":"(anonymous_14)","decl":{"start":{"line":186,"column":2},"end":{"line":186,"column":6}},"loc":{"start":{"line":186,"column":6},"end":{"line":191,"column":3}}},"13":{"name":"(anonymous_15)","decl":{"start":{"line":193,"column":2},"end":{"line":193,"column":12}},"loc":{"start":{"line":193,"column":12},"end":{"line":202,"column":3}}},"14":{"name":"(anonymous_16)","decl":{"start":{"line":204,"column":2},"end":{"line":204,"column":12}},"loc":{"start":{"line":204,"column":26},"end":{"line":212,"column":3}}},"15":{"name":"(anonymous_17)","decl":{"start":{"line":211,"column":19},"end":{"line":211,"column":20}},"loc":{"start":{"line":211,"column":31},"end":{"line":211,"column":50}}},"16":{"name":"(anonymous_18)","decl":{"start":{"line":214,"column":2},"end":{"line":214,"column":14}},"loc":{"start":{"line":214,"column":14},"end":{"line":216,"column":3}}},"17":{"name":"(anonymous_19)","decl":{"start":{"line":218,"column":2},"end":{"line":218,"column":14}},"loc":{"start":{"line":218,"column":26},"end":{"line":226,"column":3}}},"18":{"name":"(anonymous_20)","decl":{"start":{"line":228,"column":2},"end":{"line":228,"column":5}},"loc":{"start":{"line":228,"column":48},"end":{"line":235,"column":3}}},"19":{"name":"(anonymous_21)","decl":{"start":{"line":237,"column":2},"end":{"line":237,"column":9}},"loc":{"start":{"line":237,"column":55},"end":{"line":243,"column":3}}},"20":{"name":"(anonymous_22)","decl":{"start":{"line":245,"column":2},"end":{"line":245,"column":11}},"loc":{"start":{"line":245,"column":11},"end":{"line":249,"column":3}}},"21":{"name":"(anonymous_23)","decl":{"start":{"line":251,"column":2},"end":{"line":251,"column":10}},"loc":{"start":{"line":253,"column":74},"end":{"line":265,"column":3}}},"22":{"name":"(anonymous_24)","decl":{"start":{"line":256,"column":18},"end":{"line":256,"column":19}},"loc":{"start":{"line":256,"column":43},"end":{"line":263,"column":5}}},"23":{"name":"(anonymous_25)","decl":{"start":{"line":267,"column":2},"end":{"line":267,"column":7}},"loc":{"start":{"line":267,"column":7},"end":{"line":270,"column":3}}},"24":{"name":"(anonymous_26)","decl":{"start":{"line":274,"column":2},"end":{"line":274,"column":null}},"loc":{"start":{"line":274,"column":2},"end":{"line":276,"column":3}}}},"branchMap":{"0":{"loc":{"start":{"line":40,"column":4},"end":{"line":42,"column":null}},"type":"if","locations":[{"start":{"line":40,"column":4},"end":{"line":42,"column":null}}]},"1":{"loc":{"start":{"line":40,"column":8},"end":{"line":40,"column":63}},"type":"binary-expr","locations":[{"start":{"line":40,"column":8},"end":{"line":40,"column":32}},{"start":{"line":40,"column":36},"end":{"line":40,"column":63}}]},"2":{"loc":{"start":{"line":43,"column":4},"end":{"line":45,"column":null}},"type":"if","locations":[{"start":{"line":43,"column":4},"end":{"line":45,"column":null}}]},"3":{"loc":{"start":{"line":43,"column":8},"end":{"line":43,"column":54}},"type":"binary-expr","locations":[{"start":{"line":43,"column":9},"end":{"line":43,"column":13}},{"start":{"line":43,"column":17},"end":{"line":43,"column":25}},{"start":{"line":43,"column":31},"end":{"line":43,"column":38}},{"start":{"line":43,"column":42},"end":{"line":43,"column":53}}]},"4":{"loc":{"start":{"line":53,"column":4},"end":{"line":55,"column":null}},"type":"if","locations":[{"start":{"line":53,"column":4},"end":{"line":55,"column":null}}]},"5":{"loc":{"start":{"line":53,"column":8},"end":{"line":53,"column":61}},"type":"binary-expr","locations":[{"start":{"line":53,"column":8},"end":{"line":53,"column":31}},{"start":{"line":53,"column":35},"end":{"line":53,"column":61}}]},"6":{"loc":{"start":{"line":56,"column":4},"end":{"line":61,"column":null}},"type":"if","locations":[{"start":{"line":56,"column":4},"end":{"line":61,"column":null}}]},"7":{"loc":{"start":{"line":57,"column":6},"end":{"line":58,"column":57}},"type":"binary-expr","locations":[{"start":{"line":57,"column":7},"end":{"line":57,"column":10}},{"start":{"line":57,"column":15},"end":{"line":57,"column":22}},{"start":{"line":57,"column":26},"end":{"line":57,"column":43}},{"start":{"line":58,"column":7},"end":{"line":58,"column":13}},{"start":{"line":58,"column":18},"end":{"line":58,"column":28}},{"start":{"line":58,"column":32},"end":{"line":58,"column":55}}]},"8":{"loc":{"start":{"line":68,"column":4},"end":{"line":70,"column":null}},"type":"if","locations":[{"start":{"line":68,"column":4},"end":{"line":70,"column":null}}]},"9":{"loc":{"start":{"line":68,"column":8},"end":{"line":68,"column":61}},"type":"binary-expr","locations":[{"start":{"line":68,"column":8},"end":{"line":68,"column":31}},{"start":{"line":68,"column":35},"end":{"line":68,"column":61}}]},"10":{"loc":{"start":{"line":71,"column":4},"end":{"line":76,"column":null}},"type":"if","locations":[{"start":{"line":71,"column":4},"end":{"line":76,"column":null}}]},"11":{"loc":{"start":{"line":72,"column":6},"end":{"line":73,"column":57}},"type":"binary-expr","locations":[{"start":{"line":72,"column":7},"end":{"line":72,"column":10}},{"start":{"line":72,"column":15},"end":{"line":72,"column":22}},{"start":{"line":72,"column":26},"end":{"line":72,"column":43}},{"start":{"line":73,"column":7},"end":{"line":73,"column":13}},{"start":{"line":73,"column":18},"end":{"line":73,"column":28}},{"start":{"line":73,"column":32},"end":{"line":73,"column":55}}]},"12":{"loc":{"start":{"line":81,"column":4},"end":{"line":83,"column":null}},"type":"if","locations":[{"start":{"line":81,"column":4},"end":{"line":83,"column":null}}]},"13":{"loc":{"start":{"line":84,"column":4},"end":{"line":86,"column":null}},"type":"if","locations":[{"start":{"line":84,"column":4},"end":{"line":86,"column":null}}]},"14":{"loc":{"start":{"line":84,"column":8},"end":{"line":84,"column":36}},"type":"binary-expr","locations":[{"start":{"line":84,"column":8},"end":{"line":84,"column":15}},{"start":{"line":84,"column":19},"end":{"line":84,"column":36}}]},"15":{"loc":{"start":{"line":92,"column":4},"end":{"line":94,"column":null}},"type":"if","locations":[{"start":{"line":92,"column":4},"end":{"line":94,"column":null}}]},"16":{"loc":{"start":{"line":95,"column":4},"end":{"line":97,"column":null}},"type":"if","locations":[{"start":{"line":95,"column":4},"end":{"line":97,"column":null}}]},"17":{"loc":{"start":{"line":95,"column":8},"end":{"line":95,"column":36}},"type":"binary-expr","locations":[{"start":{"line":95,"column":8},"end":{"line":95,"column":15}},{"start":{"line":95,"column":19},"end":{"line":95,"column":36}}]},"18":{"loc":{"start":{"line":98,"column":4},"end":{"line":100,"column":null}},"type":"if","locations":[{"start":{"line":98,"column":4},"end":{"line":100,"column":null}}]},"19":{"loc":{"start":{"line":101,"column":4},"end":{"line":103,"column":null}},"type":"if","locations":[{"start":{"line":101,"column":4},"end":{"line":103,"column":null}}]},"20":{"loc":{"start":{"line":118,"column":4},"end":{"line":120,"column":null}},"type":"if","locations":[{"start":{"line":118,"column":4},"end":{"line":120,"column":null}}]},"21":{"loc":{"start":{"line":121,"column":4},"end":{"line":123,"column":null}},"type":"if","locations":[{"start":{"line":121,"column":4},"end":{"line":123,"column":null}}]},"22":{"loc":{"start":{"line":121,"column":8},"end":{"line":121,"column":45}},"type":"binary-expr","locations":[{"start":{"line":121,"column":8},"end":{"line":121,"column":18}},{"start":{"line":121,"column":22},"end":{"line":121,"column":45}}]},"23":{"loc":{"start":{"line":132,"column":4},"end":{"line":134,"column":null}},"type":"if","locations":[{"start":{"line":132,"column":4},"end":{"line":134,"column":null}}]},"24":{"loc":{"start":{"line":135,"column":4},"end":{"line":137,"column":null}},"type":"if","locations":[{"start":{"line":135,"column":4},"end":{"line":137,"column":null}}]},"25":{"loc":{"start":{"line":135,"column":8},"end":{"line":135,"column":45}},"type":"binary-expr","locations":[{"start":{"line":135,"column":8},"end":{"line":135,"column":18}},{"start":{"line":135,"column":22},"end":{"line":135,"column":45}}]},"26":{"loc":{"start":{"line":138,"column":4},"end":{"line":140,"column":null}},"type":"if","locations":[{"start":{"line":138,"column":4},"end":{"line":140,"column":null}}]},"27":{"loc":{"start":{"line":141,"column":4},"end":{"line":143,"column":null}},"type":"if","locations":[{"start":{"line":141,"column":4},"end":{"line":143,"column":null}}]},"28":{"loc":{"start":{"line":159,"column":4},"end":{"line":161,"column":null}},"type":"if","locations":[{"start":{"line":159,"column":4},"end":{"line":161,"column":null}}]},"29":{"loc":{"start":{"line":162,"column":4},"end":{"line":164,"column":null}},"type":"if","locations":[{"start":{"line":162,"column":4},"end":{"line":164,"column":null}}]},"30":{"loc":{"start":{"line":162,"column":8},"end":{"line":162,"column":56}},"type":"binary-expr","locations":[{"start":{"line":162,"column":8},"end":{"line":162,"column":17}},{"start":{"line":162,"column":21},"end":{"line":162,"column":56}}]},"31":{"loc":{"start":{"line":170,"column":4},"end":{"line":172,"column":null}},"type":"if","locations":[{"start":{"line":170,"column":4},"end":{"line":172,"column":null}}]},"32":{"loc":{"start":{"line":173,"column":4},"end":{"line":175,"column":null}},"type":"if","locations":[{"start":{"line":173,"column":4},"end":{"line":175,"column":null}}]},"33":{"loc":{"start":{"line":173,"column":8},"end":{"line":173,"column":56}},"type":"binary-expr","locations":[{"start":{"line":173,"column":8},"end":{"line":173,"column":17}},{"start":{"line":173,"column":21},"end":{"line":173,"column":56}}]},"34":{"loc":{"start":{"line":205,"column":4},"end":{"line":207,"column":null}},"type":"if","locations":[{"start":{"line":205,"column":4},"end":{"line":207,"column":null}}]},"35":{"loc":{"start":{"line":208,"column":4},"end":{"line":210,"column":null}},"type":"if","locations":[{"start":{"line":208,"column":4},"end":{"line":210,"column":null}}]},"36":{"loc":{"start":{"line":219,"column":4},"end":{"line":221,"column":null}},"type":"if","locations":[{"start":{"line":219,"column":4},"end":{"line":221,"column":null}}]},"37":{"loc":{"start":{"line":222,"column":4},"end":{"line":224,"column":null}},"type":"if","locations":[{"start":{"line":222,"column":4},"end":{"line":224,"column":null}}]},"38":{"loc":{"start":{"line":257,"column":6},"end":{"line":262,"column":null}},"type":"if","locations":[{"start":{"line":257,"column":6},"end":{"line":262,"column":null}},{"start":{"line":260,"column":13},"end":{"line":262,"column":null}}]},"39":{"loc":{"start":{"line":259,"column":10},"end":{"line":259,"column":72}},"type":"binary-expr","locations":[{"start":{"line":259,"column":10},"end":{"line":259,"column":18}},{"start":{"line":259,"column":22},"end":{"line":259,"column":72}}]},"40":{"loc":{"start":{"line":260,"column":13},"end":{"line":262,"column":null}},"type":"if","locations":[{"start":{"line":260,"column":13},"end":{"line":262,"column":null}}]},"41":{"loc":{"start":{"line":261,"column":19},"end":{"line":261,"column":72}},"type":"binary-expr","locations":[{"start":{"line":261,"column":19},"end":{"line":261,"column":27}},{"start":{"line":261,"column":31},"end":{"line":261,"column":72}}]}},"s":{"0":221,"1":144,"2":217,"3":141,"4":76,"5":216,"6":76,"7":231,"8":231,"9":141,"10":1198,"11":1110,"12":88,"13":1196,"14":1099,"15":2207,"16":1109,"17":21962,"18":20870,"19":1092,"20":20875,"21":1,"22":20874,"23":2,"24":8,"25":8,"26":20,"27":1,"28":19,"29":5,"30":17,"31":3,"32":17,"33":3,"34":17,"35":20,"36":17,"37":5,"38":5,"39":5,"40":6,"41":2,"42":8,"43":1,"44":7,"45":2,"46":5,"47":5,"48":5,"49":15,"50":5,"51":11,"52":1,"53":10,"54":5,"55":8,"56":3,"57":8,"58":3,"59":8,"60":11,"61":24,"62":11,"63":4,"64":10,"65":4,"66":3,"67":1,"68":12,"69":1,"70":11,"71":2,"72":9,"73":9,"74":4,"75":1,"76":3,"77":1,"78":2,"79":28,"80":28,"81":252,"82":59,"83":33,"84":299,"85":51,"86":20,"87":87,"88":87,"89":87,"90":261,"91":101,"92":82,"93":243,"94":28,"95":0,"96":1,"97":3,"98":2,"99":15,"100":0,"101":15,"102":0,"103":15,"104":5,"105":5,"106":15,"107":17,"108":47,"109":11,"110":104,"111":116,"112":296,"113":2251,"114":2839,"115":5872,"116":5872,"117":17614,"118":40,"119":40,"120":360,"121":1139,"122":851,"123":7356,"124":7375,"125":0,"126":0,"127":843,"128":0,"129":0,"130":1,"131":140,"132":1},"f":{"0":221,"1":1199,"2":21963,"3":11,"4":23,"5":2,"6":8,"7":14,"8":1,"9":12,"10":4,"11":59,"12":2,"13":47,"14":1,"15":3,"16":2,"17":15,"18":7,"19":2055,"20":1,"21":855,"22":7695,"23":0,"24":168},"b":{"0":[4,77],"1":[221,219],"2":[1,76],"3":[217,217,216,216],"4":[1,90],"5":[1199,1199],"6":[2,88],"7":[1198,777,776,1196,784,784],"8":[1,1098],"9":[21963,21963],"10":[6,1092],"11":[21962,13488,13485,21957,14293,14292],"12":[1,10],"13":[2,8],"14":[10,9],"15":[1,19],"16":[2,17],"17":[22,21],"18":[0,17],"19":[0,17],"20":[1,7],"21":[2,5],"22":[7,6],"23":[1,10],"24":[2,8],"25":[13,12],"26":[0,8],"27":[0,8],"28":[1,11],"29":[2,9],"30":[11,10],"31":[1,3],"32":[1,2],"33":[3,2],"34":[0,1],"35":[0,1],"36":[0,15],"37":[0,15],"38":[7659,36],"39":[7659,3151],"40":[21,15],"41":[21,13]},"_coverageSchema":"1a1c01bbd47fc00a2c39e90264f33305004495a9","hash":"ed78832a122ba845f805fd3443138fa19748f952"}
,"/home/peter/Code/tictactoe/src/tictactoe.ts": {"path":"/home/peter/Code/tictactoe/src/tictactoe.ts","statementMap":{"0":{"start":{"line":1,"column":0},"end":{"line":1,"column":33}},"1":{"start":{"line":10,"column":17},"end":{"line":11,"column":41}},"2":{"start":{"line":11,"column":2},"end":{"line":11,"column":41}},"3":{"start":{"line":13,"column":24},"end":{"line":14,"column":43}},"4":{"start":{"line":14,"column":2},"end":{"line":14,"column":43}},"5":{"start":{"line":16,"column":18},"end":{"line":18,"column":75}},"6":{"start":{"line":18,"column":2},"end":{"line":18,"column":75}},"7":{"start":{"line":18,"column":25},"end":{"line":18,"column":74}},"8":{"start":{"line":21,"column":21},"end":{"line":23,"column":null}},"9":{"start":{"line":22,"column":2},"end":{"line":23,"column":null}},"10":{"start":{"line":23,"column":4},"end":{"line":23,"column":59}},"11":{"start":{"line":27,"column":19},"end":{"line":31,"column":2}},"12":{"start":{"line":27,"column":53},"end":{"line":31,"column":2}},"13":{"start":{"line":29,"column":44},"end":{"line":29,"column":69}},"14":{"start":{"line":30,"column":44},"end":{"line":30,"column":73}},"15":{"start":{"line":36,"column":22},"end":{"line":36,"column":74}},"16":{"start":{"line":39,"column":22},"end":{"line":53,"column":1}},"17":{"start":{"line":42,"column":2},"end":{"line":44,"column":null}},"18":{"start":{"line":43,"column":4},"end":{"line":43,"column":37}},"19":{"start":{"line":45,"column":14},"end":{"line":45,"column":18}},"20":{"start":{"line":46,"column":2},"end":{"line":49,"column":5}},"21":{"start":{"line":47,"column":4},"end":{"line":48,"column":80}},"22":{"start":{"line":50,"column":2},"end":{"line":52,"column":null}},"23":{"start":{"line":51,"column":4},"end":{"line":51,"column":37}},"24":{"start":{"line":56,"column":32},"end":{"line":70,"column":1}},"25":{"start":{"line":60,"column":2},"end":{"line":63,"column":null}},"26":{"start":{"line":61,"column":4},"end":{"line":61,"column":24}},"27":{"start":{"line":62,"column":4},"end":{"line":62,"column":38}},"28":{"start":{"line":64,"column":19},"end":{"line":64,"column":49}},"29":{"start":{"line":65,"column":2},"end":{"line":67,"column":5}},"30":{"start":{"line":66,"column":4},"end":{"line":66,"column":67}},"31":{"start":{"line":69,"column":2},"end":{"line":69,"column":18}},"32":{"start":{"line":75,"column":2},"end":{"line":82,"column":3}},"33":{"start":{"line":76,"column":2},"end":{"line":82,"column":3}},"34":{"start":{"line":77,"column":4},"end":{"line":77,"column":29}},"35":{"start":{"line":78,"column":4},"end":{"line":81,"column":6}},"36":{"start":{"line":80,"column":31},"end":{"line":80,"column":76}},"37":{"start":{"line":85,"column":23},"end":{"line":95,"column":1}},"38":{"start":{"line":89,"column":2},"end":{"line":89,"column":27}},"39":{"start":{"line":90,"column":2},"end":{"line":94,"column":4}},"40":{"start":{"line":98,"column":19},"end":{"line":104,"column":1}},"41":{"start":{"line":99,"column":15},"end":{"line":102,"column":15}},"42":{"start":{"line":101,"column":18},"end":{"line":101,"column":72}},"43":{"start":{"line":101,"column":36},"end":{"line":101,"column":60}},"44":{"start":{"line":103,"column":2},"end":{"line":103,"column":22}},"45":{"start":{"line":107,"column":15},"end":{"line":136,"column":1}},"46":{"start":{"line":112,"column":2},"end":{"line":112,"column":23}},"47":{"start":{"line":113,"column":2},"end":{"line":115,"column":null}},"48":{"start":{"line":114,"column":4},"end":{"line":114,"column":40}},"49":{"start":{"line":116,"column":24},"end":{"line":116,"column":32}},"50":{"start":{"line":117,"column":2},"end":{"line":119,"column":null}},"51":{"start":{"line":118,"column":4},"end":{"line":118,"column":40}},"52":{"start":{"line":120,"column":2},"end":{"line":122,"column":null}},"53":{"start":{"line":121,"column":4},"end":{"line":121,"column":40}},"54":{"start":{"line":123,"column":2},"end":{"line":127,"column":null}},"55":{"start":{"line":124,"column":4},"end":{"line":124,"column":32}},"56":{"start":{"line":126,"column":4},"end":{"line":126,"column":40}},"57":{"start":{"line":128,"column":2},"end":{"line":130,"column":null}},"58":{"start":{"line":129,"column":4},"end":{"line":129,"column":38}},"59":{"start":{"line":131,"column":2},"end":{"line":133,"column":null}},"60":{"start":{"line":132,"column":4},"end":{"line":132,"column":41}},"61":{"start":{"line":134,"column":2},"end":{"line":134,"column":38}},"62":{"start":{"line":135,"column":2},"end":{"line":135,"column":15}},"63":{"start":{"line":139,"column":16},"end":{"line":180,"column":1}},"64":{"start":{"line":140,"column":14},"end":{"line":140,"column":24}},"65":{"start":{"line":141,"column":17},"end":{"line":141,"column":22}},"66":{"start":{"line":142,"column":34},"end":{"line":142,"column":38}},"67":{"start":{"line":143,"column":35},"end":{"line":143,"column":39}},"68":{"start":{"line":144,"column":35},"end":{"line":144,"column":39}},"69":{"start":{"line":145,"column":18},"end":{"line":145,"column":25}},"70":{"start":{"line":146,"column":2},"end":{"line":179,"column":4}},"71":{"start":{"line":148,"column":6},"end":{"line":151,"column":null}},"72":{"start":{"line":149,"column":8},"end":{"line":149,"column":41}},"73":{"start":{"line":150,"column":8},"end":{"line":150,"column":15}},"74":{"start":{"line":152,"column":6},"end":{"line":155,"column":null}},"75":{"start":{"line":153,"column":8},"end":{"line":153,"column":60}},"76":{"start":{"line":154,"column":8},"end":{"line":154,"column":15}},"77":{"start":{"line":156,"column":6},"end":{"line":156,"column":46}},"78":{"start":{"line":157,"column":6},"end":{"line":157,"column":39}},"79":{"start":{"line":158,"column":6},"end":{"line":158,"column":26}},"80":{"start":{"line":159,"column":6},"end":{"line":159,"column":64}},"81":{"start":{"line":160,"column":21},"end":{"line":160,"column":50}},"82":{"start":{"line":161,"column":6},"end":{"line":164,"column":null}},"83":{"start":{"line":162,"column":8},"end":{"line":162,"column":24}},"84":{"start":{"line":163,"column":8},"end":{"line":163,"column":24}},"85":{"start":{"line":165,"column":6},"end":{"line":167,"column":null}},"86":{"start":{"line":166,"column":8},"end":{"line":166,"column":24}},"87":{"start":{"line":169,"column":18},"end":{"line":169,"column":26}},"88":{"start":{"line":170,"column":20},"end":{"line":170,"column":38}},"89":{"start":{"line":171,"column":22},"end":{"line":171,"column":39}},"90":{"start":{"line":172,"column":18},"end":{"line":172,"column":24}},"91":{"start":{"line":173,"column":19},"end":{"line":178,"column":6}},"92":{"start":{"line":182,"column":0},"end":{"line":194,"column":2}}},"fnMap":{"0":{"name":"(anonymous_0)","decl":{"start":{"line":10,"column":17},"end":{"line":10,"column":44}},"loc":{"start":{"line":11,"column":2},"end":{"line":11,"column":41}}},"1":{"name":"(anonymous_1)","decl":{"start":{"line":13,"column":24},"end":{"line":13,"column":53}},"loc":{"start":{"line":14,"column":2},"end":{"line":14,"column":43}}},"2":{"name":"(anonymous_2)","decl":{"start":{"line":16,"column":18},"end":{"line":16,"column":49}},"loc":{"start":{"line":18,"column":2},"end":{"line":18,"column":75}}},"3":{"name":"(anonymous_3)","decl":{"start":{"line":18,"column":16},"end":{"line":18,"column":17}},"loc":{"start":{"line":18,"column":25},"end":{"line":18,"column":74}}},"4":{"name":"(anonymous_4)","decl":{"start":{"line":21,"column":21},"end":{"line":21,"column":52}},"loc":{"start":{"line":22,"column":2},"end":{"line":23,"column":null}}},"5":{"name":"(anonymous_5)","decl":{"start":{"line":22,"column":16},"end":{"line":22,"column":17}},"loc":{"start":{"line":23,"column":4},"end":{"line":23,"column":59}}},"6":{"name":"(anonymous_6)","decl":{"start":{"line":27,"column":19},"end":{"line":27,"column":50}},"loc":{"start":{"line":27,"column":53},"end":{"line":31,"column":2}}},"7":{"name":"(anonymous_7)","decl":{"start":{"line":29,"column":24},"end":{"line":29,"column":25}},"loc":{"start":{"line":29,"column":44},"end":{"line":29,"column":69}}},"8":{"name":"(anonymous_8)","decl":{"start":{"line":30,"column":24},"end":{"line":30,"column":25}},"loc":{"start":{"line":30,"column":44},"end":{"line":30,"column":73}}},"9":{"name":"(anonymous_9)","decl":{"start":{"line":39,"column":22},"end":{"line":39,"column":null}},"loc":{"start":{"line":41,"column":4},"end":{"line":53,"column":1}}},"10":{"name":"(anonymous_10)","decl":{"start":{"line":46,"column":16},"end":{"line":46,"column":17}},"loc":{"start":{"line":46,"column":25},"end":{"line":49,"column":3}}},"11":{"name":"(anonymous_11)","decl":{"start":{"line":56,"column":32},"end":{"line":56,"column":null}},"loc":{"start":{"line":59,"column":30},"end":{"line":70,"column":1}}},"12":{"name":"(anonymous_12)","decl":{"start":{"line":65,"column":16},"end":{"line":65,"column":17}},"loc":{"start":{"line":65,"column":36},"end":{"line":67,"column":3}}},"13":{"name":"(anonymous_13)","decl":{"start":{"line":75,"column":2},"end":{"line":75,"column":3}},"loc":{"start":{"line":76,"column":2},"end":{"line":82,"column":3}}},"14":{"name":"(anonymous_14)","decl":{"start":{"line":76,"column":2},"end":{"line":76,"column":3}},"loc":{"start":{"line":76,"column":45},"end":{"line":82,"column":3}}},"15":{"name":"(anonymous_15)","decl":{"start":{"line":80,"column":6},"end":{"line":80,"column":7}},"loc":{"start":{"line":80,"column":31},"end":{"line":80,"column":76}}},"16":{"name":"(anonymous_16)","decl":{"start":{"line":85,"column":23},"end":{"line":85,"column":null}},"loc":{"start":{"line":88,"column":4},"end":{"line":95,"column":1}}},"17":{"name":"(anonymous_17)","decl":{"start":{"line":98,"column":19},"end":{"line":98,"column":20}},"loc":{"start":{"line":98,"column":43},"end":{"line":104,"column":1}}},"18":{"name":"(anonymous_18)","decl":{"start":{"line":101,"column":9},"end":{"line":101,"column":10}},"loc":{"start":{"line":101,"column":18},"end":{"line":101,"column":72}}},"19":{"name":"(anonymous_19)","decl":{"start":{"line":101,"column":26},"end":{"line":101,"column":27}},"loc":{"start":{"line":101,"column":36},"end":{"line":101,"column":60}}},"20":{"name":"(anonymous_20)","decl":{"start":{"line":107,"column":15},"end":{"line":107,"column":null}},"loc":{"start":{"line":111,"column":28},"end":{"line":136,"column":1}}},"21":{"name":"(anonymous_21)","decl":{"start":{"line":139,"column":16},"end":{"line":139,"column":19}},"loc":{"start":{"line":139,"column":21},"end":{"line":180,"column":1}}},"22":{"name":"(anonymous_22)","decl":{"start":{"line":147,"column":14},"end":{"line":147,"column":15}},"loc":{"start":{"line":147,"column":55},"end":{"line":168,"column":5}}},"23":{"name":"(anonymous_23)","decl":{"start":{"line":169,"column":12},"end":{"line":169,"column":15}},"loc":{"start":{"line":169,"column":18},"end":{"line":169,"column":26}}},"24":{"name":"(anonymous_24)","decl":{"start":{"line":170,"column":14},"end":{"line":170,"column":17}},"loc":{"start":{"line":170,"column":20},"end":{"line":170,"column":38}}},"25":{"name":"(anonymous_25)","decl":{"start":{"line":171,"column":16},"end":{"line":171,"column":19}},"loc":{"start":{"line":171,"column":22},"end":{"line":171,"column":39}}},"26":{"name":"(anonymous_26)","decl":{"start":{"line":172,"column":12},"end":{"line":172,"column":15}},"loc":{"start":{"line":172,"column":18},"end":{"line":172,"column":24}}},"27":{"name":"(anonymous_27)","decl":{"start":{"line":173,"column":12},"end":{"line":173,"column":15}},"loc":{"start":{"line":173,"column":19},"end":{"line":178,"column":6}}}},"branchMap":{"0":{"loc":{"start":{"line":29,"column":44},"end":{"line":29,"column":69}},"type":"cond-expr","locations":[{"start":{"line":29,"column":58},"end":{"line":29,"column":62}},{"start":{"line":29,"column":65},"end":{"line":29,"column":69}}]},"1":{"loc":{"start":{"line":30,"column":44},"end":{"line":30,"column":73}},"type":"cond-expr","locations":[{"start":{"line":30,"column":62},"end":{"line":30,"column":66}},{"start":{"line":30,"column":69},"end":{"line":30,"column":73}}]},"2":{"loc":{"start":{"line":42,"column":2},"end":{"line":44,"column":null}},"type":"if","locations":[{"start":{"line":42,"column":2},"end":{"line":44,"column":null}}]},"3":{"loc":{"start":{"line":42,"column":6},"end":{"line":42,"column":43}},"type":"binary-expr","locations":[{"start":{"line":42,"column":6},"end":{"line":42,"column":12}},{"start":{"line":42,"column":16},"end":{"line":42,"column":43}}]},"4":{"loc":{"start":{"line":48,"column":6},"end":{"line":48,"column":79}},"type":"binary-expr","locations":[{"start":{"line":48,"column":6},"end":{"line":48,"column":11}},{"start":{"line":48,"column":16},"end":{"line":48,"column":28}},{"start":{"line":48,"column":32},"end":{"line":48,"column":44}},{"start":{"line":48,"column":48},"end":{"line":48,"column":61}},{"start":{"line":48,"column":65},"end":{"line":48,"column":78}}]},"5":{"loc":{"start":{"line":50,"column":2},"end":{"line":52,"column":null}},"type":"if","locations":[{"start":{"line":50,"column":2},"end":{"line":52,"column":null}}]},"6":{"loc":{"start":{"line":60,"column":2},"end":{"line":63,"column":null}},"type":"if","locations":[{"start":{"line":60,"column":2},"end":{"line":63,"column":null}}]},"7":{"loc":{"start":{"line":60,"column":6},"end":{"line":60,"column":38}},"type":"binary-expr","locations":[{"start":{"line":60,"column":6},"end":{"line":60,"column":20}},{"start":{"line":60,"column":24},"end":{"line":60,"column":38}}]},"8":{"loc":{"start":{"line":66,"column":35},"end":{"line":66,"column":65}},"type":"cond-expr","locations":[{"start":{"line":66,"column":54},"end":{"line":66,"column":58}},{"start":{"line":66,"column":61},"end":{"line":66,"column":65}}]},"9":{"loc":{"start":{"line":80,"column":31},"end":{"line":80,"column":76}},"type":"binary-expr","locations":[{"start":{"line":80,"column":31},"end":{"line":80,"column":50}},{"start":{"line":80,"column":54},"end":{"line":80,"column":76}}]},"10":{"loc":{"start":{"line":101,"column":36},"end":{"line":101,"column":60}},"type":"cond-expr","locations":[{"start":{"line":101,"column":51},"end":{"line":101,"column":54}},{"start":{"line":101,"column":57},"end":{"line":101,"column":60}}]},"11":{"loc":{"start":{"line":113,"column":2},"end":{"line":115,"column":null}},"type":"if","locations":[{"start":{"line":113,"column":2},"end":{"line":115,"column":null}}]},"12":{"loc":{"start":{"line":113,"column":6},"end":{"line":113,"column":56}},"type":"binary-expr","locations":[{"start":{"line":113,"column":6},"end":{"line":113,"column":28}},{"start":{"line":113,"column":32},"end":{"line":113,"column":56}}]},"13":{"loc":{"start":{"line":117,"column":2},"end":{"line":119,"column":null}},"type":"if","locations":[{"start":{"line":117,"column":2},"end":{"line":119,"column":null}}]},"14":{"loc":{"start":{"line":117,"column":6},"end":{"line":117,"column":47}},"type":"binary-expr","locations":[{"start":{"line":117,"column":6},"end":{"line":117,"column":23}},{"start":{"line":117,"column":27},"end":{"line":117,"column":47}}]},"15":{"loc":{"start":{"line":120,"column":2},"end":{"line":122,"column":null}},"type":"if","locations":[{"start":{"line":120,"column":2},"end":{"line":122,"column":null}}]},"16":{"loc":{"start":{"line":120,"column":6},"end":{"line":120,"column":57}},"type":"binary-expr","locations":[{"start":{"line":120,"column":6},"end":{"line":120,"column":28}},{"start":{"line":120,"column":32},"end":{"line":120,"column":57}}]},"17":{"loc":{"start":{"line":128,"column":2},"end":{"line":130,"column":null}},"type":"if","locations":[{"start":{"line":128,"column":2},"end":{"line":130,"column":null}}]},"18":{"loc":{"start":{"line":128,"column":6},"end":{"line":128,"column":38}},"type":"binary-expr","locations":[{"start":{"line":128,"column":6},"end":{"line":128,"column":20}},{"start":{"line":128,"column":24},"end":{"line":128,"column":38}}]},"19":{"loc":{"start":{"line":131,"column":2},"end":{"line":133,"column":null}},"type":"if","locations":[{"start":{"line":131,"column":2},"end":{"line":133,"column":null}}]},"20":{"loc":{"start":{"line":148,"column":6},"end":{"line":151,"column":null}},"type":"if","locations":[{"start":{"line":148,"column":6},"end":{"line":151,"column":null}}]},"21":{"loc":{"start":{"line":152,"column":6},"end":{"line":155,"column":null}},"type":"if","locations":[{"start":{"line":152,"column":6},"end":{"line":155,"column":null}}]},"22":{"loc":{"start":{"line":159,"column":20},"end":{"line":159,"column":63}},"type":"cond-expr","locations":[{"start":{"line":159,"column":43},"end":{"line":159,"column":49}},{"start":{"line":159,"column":52},"end":{"line":159,"column":63}}]},"23":{"loc":{"start":{"line":161,"column":6},"end":{"line":164,"column":null}},"type":"if","locations":[{"start":{"line":161,"column":6},"end":{"line":164,"column":null}}]},"24":{"loc":{"start":{"line":165,"column":6},"end":{"line":167,"column":null}},"type":"if","locations":[{"start":{"line":165,"column":6},"end":{"line":167,"column":null}}]}},"s":{"0":2,"1":16,"2":24,"3":9,"4":9,"5":2,"6":4,"7":4,"8":2,"9":4,"10":4,"11":2,"12":10,"13":18,"14":10,"15":2,"16":53,"17":1033,"18":52,"19":1085,"20":1501,"21":9349,"22":1033,"23":1,"24":5,"25":109,"26":0,"27":4,"28":113,"29":145,"30":985,"31":110,"32":5,"33":141,"34":847,"35":930,"36":3016,"37":5,"38":113,"39":110,"40":1,"41":12,"42":36,"43":108,"44":13,"45":17,"46":125,"47":111,"48":14,"49":123,"50":110,"51":13,"52":111,"53":11,"54":120,"55":113,"56":7,"57":111,"58":5,"59":110,"60":4,"61":113,"62":110,"63":13,"64":35,"65":35,"66":35,"67":35,"68":35,"69":35,"70":40,"71":110,"72":1,"73":18,"74":110,"75":1,"76":16,"77":113,"78":113,"79":113,"80":113,"81":113,"82":109,"83":9,"84":13,"85":109,"86":2,"87":232,"88":4,"89":12,"90":27,"91":12,"92":1},"f":{"0":38,"1":16,"2":2,"3":6,"4":2,"5":6,"6":2,"7":18,"8":18,"9":1085,"10":9765,"11":113,"12":1017,"13":113,"14":847,"15":3130,"16":113,"17":12,"18":36,"19":108,"20":125,"21":35,"22":127,"23":225,"24":11,"25":12,"26":25,"27":13},"b":{"0":[6,12],"1":[6,12],"2":[0,52],"3":[1085,1085],"4":[9765,9765,9421,9101,1628],"5":[0,52],"6":[0,4],"7":[113,54],"8":[225,792],"9":[3130,1211],"10":[38,70],"11":[2,14],"12":[125,124],"13":[1,13],"14":[123,122],"15":[2,11],"16":[122,120],"17":[2,5],"18":[116,57],"19":[1,4],"20":[1,17],"21":[1,16],"22":[25,88],"23":[9,4],"24":[2,4]},"_coverageSchema":"1a1c01bbd47fc00a2c39e90264f33305004495a9","hash":"58df2750c760c82f21f9976ef64e979705a8852a"}
}
