TN:
SF:grid.ts
FN:39,(anonymous_2)
FN:51,(anonymous_3)
FN:66,(anonymous_4)
FN:80,(anonymous_5)
FN:91,(anonymous_6)
FN:109,(anonymous_7)
FN:117,(anonymous_8)
FN:131,(anonymous_9)
FN:150,(anonymous_10)
FN:158,(anonymous_11)
FN:169,(anonymous_12)
FN:179,(anonymous_13)
FN:186,(anonymous_14)
FN:193,(anonymous_15)
FN:204,(anonymous_16)
FN:211,(anonymous_17)
FN:214,(anonymous_18)
FN:218,(anonymous_19)
FN:228,(anonymous_20)
FN:237,(anonymous_21)
FN:245,(anonymous_22)
FN:251,(anonymous_23)
FN:256,(anonymous_24)
FN:267,(anonymous_25)
FN:274,(anonymous_26)
FNF:25
FNH:24
FNDA:204,(anonymous_2)
FNDA:1101,(anonymous_3)
FNDA:19147,(anonymous_4)
FNDA:11,(anonymous_5)
FNDA:20,(anonymous_6)
FNDA:2,(anonymous_7)
FNDA:8,(anonymous_8)
FNDA:11,(anonymous_9)
FNDA:1,(anonymous_10)
FNDA:12,(anonymous_11)
FNDA:4,(anonymous_12)
FNDA:50,(anonymous_13)
FNDA:2,(anonymous_14)
FNDA:46,(anonymous_15)
FNDA:1,(anonymous_16)
FNDA:3,(anonymous_17)
FNDA:2,(anonymous_18)
FNDA:15,(anonymous_19)
FNDA:5,(anonymous_20)
FNDA:1905,(anonymous_21)
FNDA:1,(anonymous_22)
FNDA:792,(anonymous_23)
FNDA:7128,(anonymous_24)
FNDA:0,(anonymous_25)
FNDA:151,(anonymous_26)
DA:34,2
DA:35,204
DA:36,204
DA:37,204
DA:40,204
DA:41,4
DA:43,200
DA:44,1
DA:46,199
DA:47,199
DA:48,199
DA:52,1101
DA:53,1101
DA:54,1
DA:56,1100
DA:60,2
DA:62,1098
DA:63,1098
DA:67,19147
DA:68,19147
DA:69,1
DA:71,19146
DA:75,6
DA:77,19140
DA:81,11
DA:82,1
DA:84,10
DA:85,2
DA:87,8
DA:88,8
DA:92,20
DA:93,1
DA:95,19
DA:96,2
DA:98,17
DA:99,0
DA:101,17
DA:102,0
DA:104,17
DA:105,17
DA:106,17
DA:110,2
DA:111,2
DA:112,6
DA:114,2
DA:118,8
DA:119,1
DA:121,7
DA:122,2
DA:124,5
DA:125,5
DA:126,15
DA:128,5
DA:132,11
DA:133,1
DA:135,10
DA:136,2
DA:138,8
DA:139,0
DA:141,8
DA:142,0
DA:144,8
DA:145,24
DA:147,8
DA:151,1
DA:152,1
DA:153,3
DA:155,1
DA:159,12
DA:160,1
DA:162,11
DA:163,2
DA:165,9
DA:166,9
DA:170,4
DA:171,1
DA:173,3
DA:174,1
DA:176,2
DA:180,50
DA:181,450
DA:183,50
DA:187,2
DA:194,46
DA:195,46
DA:196,138
DA:197,138
DA:198,414
DA:201,46
DA:205,1
DA:206,0
DA:208,1
DA:209,0
DA:211,3
DA:215,2
DA:219,15
DA:220,0
DA:222,15
DA:223,0
DA:225,15
DA:229,5
DA:230,15
DA:231,45
DA:234,5
DA:238,1905
DA:239,5715
DA:240,17145
DA:246,1
DA:247,1
DA:248,1
DA:255,792
DA:256,792
DA:257,7128
DA:258,36
DA:260,7092
DA:261,7077
DA:264,792
DA:268,0
DA:269,0
DA:273,2
DA:275,151
LF:121
LH:111
BRDA:40,0,0,4
BRDA:40,1,0,204
BRDA:40,1,1,202
BRDA:43,2,0,1
BRDA:43,3,0,200
BRDA:43,3,1,200
BRDA:43,3,2,199
BRDA:43,3,3,199
BRDA:53,4,0,1
BRDA:53,5,0,1101
BRDA:53,5,1,1101
BRDA:56,6,0,2
BRDA:57,7,0,1100
BRDA:57,7,1,712
BRDA:57,7,2,711
BRDA:57,7,3,1098
BRDA:57,7,4,719
BRDA:57,7,5,719
BRDA:68,8,0,1
BRDA:68,9,0,19147
BRDA:68,9,1,19147
BRDA:71,10,0,6
BRDA:72,11,0,19146
BRDA:72,11,1,11847
BRDA:72,11,2,11844
BRDA:72,11,3,19141
BRDA:72,11,4,12362
BRDA:72,11,5,12361
BRDA:81,12,0,1
BRDA:84,13,0,2
BRDA:84,14,0,10
BRDA:84,14,1,9
BRDA:92,15,0,1
BRDA:95,16,0,2
BRDA:95,17,0,19
BRDA:95,17,1,18
BRDA:98,18,0,0
BRDA:101,19,0,0
BRDA:118,20,0,1
BRDA:121,21,0,2
BRDA:121,22,0,7
BRDA:121,22,1,6
BRDA:132,23,0,1
BRDA:135,24,0,2
BRDA:135,25,0,10
BRDA:135,25,1,9
BRDA:138,26,0,0
BRDA:141,27,0,0
BRDA:159,28,0,1
BRDA:162,29,0,2
BRDA:162,30,0,11
BRDA:162,30,1,10
BRDA:170,31,0,1
BRDA:173,32,0,1
BRDA:173,33,0,3
BRDA:173,33,1,2
BRDA:205,34,0,0
BRDA:208,35,0,0
BRDA:219,36,0,0
BRDA:222,37,0,0
BRDA:257,38,0,36
BRDA:257,38,1,7092
BRDA:259,39,0,36
BRDA:259,39,1,21
BRDA:260,40,0,7077
BRDA:261,41,0,7077
BRDA:261,41,1,1711
BRF:67
BRH:59
end_of_record
TN:
SF:tictactoe.ts
FN:10,(anonymous_0)
FN:13,(anonymous_1)
FN:16,(anonymous_2)
FN:18,(anonymous_3)
FN:21,(anonymous_4)
FN:22,(anonymous_5)
FN:27,(anonymous_6)
FN:29,(anonymous_7)
FN:30,(anonymous_8)
FN:39,(anonymous_9)
FN:46,(anonymous_10)
FN:56,(anonymous_11)
FN:65,(anonymous_12)
FN:75,(anonymous_13)
FN:76,(anonymous_14)
FN:82,(anonymous_15)
FN:95,(anonymous_16)
FN:98,(anonymous_17)
FN:98,(anonymous_18)
FN:104,(anonymous_19)
FN:136,(anonymous_20)
FN:144,(anonymous_21)
FN:166,(anonymous_22)
FN:167,(anonymous_23)
FN:168,(anonymous_24)
FN:169,(anonymous_25)
FN:170,(anonymous_26)
FNF:27
FNH:27
FNDA:37,(anonymous_0)
FNDA:8,(anonymous_1)
FNDA:1,(anonymous_2)
FNDA:3,(anonymous_3)
FNDA:1,(anonymous_4)
FNDA:3,(anonymous_5)
FNDA:1,(anonymous_6)
FNDA:9,(anonymous_7)
FNDA:9,(anonymous_8)
FNDA:1006,(anonymous_9)
FNDA:9054,(anonymous_10)
FNDA:105,(anonymous_11)
FNDA:945,(anonymous_12)
FNDA:105,(anonymous_13)
FNDA:784,(anonymous_14)
FNDA:105,(anonymous_15)
FNDA:11,(anonymous_16)
FNDA:33,(anonymous_17)
FNDA:99,(anonymous_18)
FNDA:117,(anonymous_19)
FNDA:34,(anonymous_20)
FNDA:119,(anonymous_21)
FNDA:208,(anonymous_22)
FNDA:11,(anonymous_23)
FNDA:11,(anonymous_24)
FNDA:22,(anonymous_25)
FNDA:13,(anonymous_26)
DA:1,1
DA:10,1
DA:11,37
DA:13,1
DA:14,8
DA:16,1
DA:18,3
DA:21,1
DA:22,1
DA:23,3
DA:27,1
DA:29,9
DA:30,9
DA:36,1
DA:39,1
DA:42,1006
DA:43,0
DA:45,1006
DA:46,1006
DA:47,9054
DA:50,1006
DA:51,0
DA:56,1
DA:60,105
DA:61,0
DA:62,0
DA:64,105
DA:65,105
DA:66,945
DA:69,105
DA:75,1
DA:76,105
DA:77,784
DA:78,784
DA:82,1
DA:86,105
DA:87,105
DA:95,1
DA:96,11
DA:98,99
DA:100,11
DA:104,1
DA:109,117
DA:110,117
DA:111,2
DA:113,115
DA:114,115
DA:115,1
DA:117,114
DA:118,2
DA:120,112
DA:121,112
DA:123,4
DA:125,108
DA:126,2
DA:128,106
DA:129,1
DA:131,105
DA:132,105
DA:136,1
DA:137,34
DA:138,34
DA:139,34
DA:140,34
DA:141,34
DA:142,34
DA:143,34
DA:145,119
DA:146,1
DA:147,1
DA:149,118
DA:150,1
DA:151,1
DA:153,117
DA:154,105
DA:155,105
DA:156,105
DA:157,105
DA:158,105
DA:159,8
DA:160,8
DA:162,105
DA:163,2
DA:166,208
DA:167,11
DA:168,11
DA:169,22
DA:170,13
DA:179,1
LF:89
LH:85
BRDA:29,0,0,3
BRDA:29,0,1,6
BRDA:30,1,0,3
BRDA:30,1,1,6
BRDA:42,2,0,0
BRDA:42,3,0,1006
BRDA:42,3,1,1006
BRDA:48,4,0,9054
BRDA:48,4,1,9054
BRDA:48,4,2,8746
BRDA:48,4,3,8454
BRDA:48,4,4,1472
BRDA:50,5,0,0
BRDA:60,6,0,0
BRDA:60,7,0,105
BRDA:60,7,1,50
BRDA:66,8,0,205
BRDA:66,8,1,740
BRDA:98,9,0,37
BRDA:98,9,1,62
BRDA:110,10,0,2
BRDA:110,11,0,117
BRDA:110,11,1,116
BRDA:114,12,0,1
BRDA:114,13,0,115
BRDA:114,13,1,114
BRDA:117,14,0,2
BRDA:117,15,0,114
BRDA:117,15,1,112
BRDA:125,16,0,2
BRDA:125,17,0,108
BRDA:125,17,1,53
BRDA:128,18,0,1
BRDA:145,19,0,1
BRDA:149,20,0,1
BRDA:156,21,0,24
BRDA:156,21,1,81
BRDA:158,22,0,8
BRDA:162,23,0,2
BRF:39
BRH:36
end_of_record
TN:
SF:utils.js
FN:3,playbackGame
FN:25,(anonymous_1)
FN:28,(anonymous_2)
FN:30,shuffle
FN:39,(anonymous_4)
FN:82,categorize
FN:90,(anonymous_6)
FN:91,(anonymous_7)
FN:115,(anonymous_8)
FN:118,(anonymous_9)
FN:119,(anonymous_10)
FN:121,(anonymous_11)
FN:123,(anonymous_12)
FN:125,(anonymous_13)
FN:127,(anonymous_14)
FN:129,(anonymous_15)
FN:131,(anonymous_16)
FN:134,(anonymous_17)
FN:137,(anonymous_18)
FN:138,(anonymous_19)
FN:140,(anonymous_20)
FN:141,(anonymous_21)
FNF:22
FNH:1
FNDA:22,playbackGame
FNDA:0,(anonymous_1)
FNDA:0,(anonymous_2)
FNDA:0,shuffle
FNDA:0,(anonymous_4)
FNDA:0,categorize
FNDA:0,(anonymous_6)
FNDA:0,(anonymous_7)
FNDA:0,(anonymous_8)
FNDA:0,(anonymous_9)
FNDA:0,(anonymous_10)
FNDA:0,(anonymous_11)
FNDA:0,(anonymous_12)
FNDA:0,(anonymous_13)
FNDA:0,(anonymous_14)
FNDA:0,(anonymous_15)
FNDA:0,(anonymous_16)
FNDA:0,(anonymous_17)
FNDA:0,(anonymous_18)
FNDA:0,(anonymous_19)
FNDA:0,(anonymous_20)
FNDA:0,(anonymous_21)
DA:1,1
DA:4,22
DA:5,22
DA:6,22
DA:7,22
DA:8,101
DA:10,101
DA:11,101
DA:12,10
DA:13,10
DA:14,2
DA:15,2
DA:17,8
DA:20,99
DA:22,20
DA:25,1
DA:26,0
DA:28,0
DA:31,0
DA:32,0
DA:33,0
DA:34,0
DA:36,0
DA:39,1
DA:83,0
DA:84,0
DA:86,0
DA:87,0
DA:88,0
DA:90,0
DA:91,0
DA:93,0
DA:94,0
DA:96,0
DA:97,0
DA:98,0
DA:99,0
DA:100,0
DA:101,0
DA:105,0
DA:106,0
DA:109,0
DA:110,0
DA:112,0
DA:115,1
DA:116,0
DA:118,1
DA:119,0
DA:121,1
DA:123,1
DA:125,1
DA:127,1
DA:129,1
DA:131,1
DA:132,0
DA:134,0
DA:137,1
DA:138,0
DA:140,1
DA:141,0
DA:143,1
LF:61
LH:28
BRDA:3,0,0,22
BRDA:5,1,0,22
BRDA:5,1,1,22
BRDA:7,2,0,121
BRDA:7,2,1,101
BRDA:8,3,0,101
BRDA:8,3,1,101
BRDA:11,4,0,10
BRDA:11,4,1,91
BRDA:12,5,0,10
BRDA:12,5,1,10
BRDA:13,6,0,2
BRDA:13,6,1,8
BRDA:14,7,0,2
BRDA:14,7,1,2
BRDA:17,8,0,8
BRDA:17,8,1,8
BRDA:83,9,0,0
BRDA:83,9,1,0
BRDA:87,10,0,0
BRDA:87,10,1,0
BRDA:87,11,0,0
BRDA:87,11,1,0
BRDA:91,12,0,0
BRDA:91,12,1,0
BRDA:100,13,0,0
BRDA:100,13,1,0
BRDA:100,14,0,0
BRDA:100,14,1,0
BRDA:105,15,0,0
BRDA:105,15,1,0
BRDA:109,16,0,0
BRDA:109,16,1,0
BRDA:116,17,0,0
BRDA:116,17,1,0
BRDA:116,18,0,0
BRDA:116,18,1,0
BRDA:118,19,0,0
BRDA:140,20,0,0
BRF:39
BRH:17
end_of_record
