TN:
SF:tictactoe.js
FN:2,(anonymous_0)
FN:4,(anonymous_1)
FN:6,(anonymous_2)
FN:13,(anonymous_3)
FN:14,(anonymous_4)
FN:16,(anonymous_5)
FN:24,(anonymous_6)
FN:26,(anonymous_7)
FN:27,(anonymous_8)
FN:36,(anonymous_9)
FN:40,(anonymous_10)
FN:46,(anonymous_11)
FN:55,(anonymous_12)
FN:60,(anonymous_13)
FN:61,(anonymous_14)
FN:72,(anonymous_15)
FN:72,(anonymous_16)
FN:85,(anonymous_17)
FN:95,(anonymous_18)
FN:98,(anonymous_19)
FN:99,(anonymous_20)
FN:106,(anonymous_21)
FN:127,(anonymous_22)
FN:138,(anonymous_23)
FN:146,(anonymous_24)
FN:168,(anonymous_25)
FN:169,(anonymous_26)
FN:170,(anonymous_27)
FN:171,(anonymous_28)
FN:172,(anonymous_29)
FNF:30
FNH:30
FNDA:40,(anonymous_0)
FNDA:1,(anonymous_1)
FNDA:3,(anonymous_2)
FNDA:1,(anonymous_3)
FNDA:3,(anonymous_4)
FNDA:9,(anonymous_5)
FNDA:1,(anonymous_6)
FNDA:3,(anonymous_7)
FNDA:3,(anonymous_8)
FNDA:1006,(anonymous_9)
FNDA:3018,(anonymous_10)
FNDA:9054,(anonymous_11)
FNDA:105,(anonymous_12)
FNDA:315,(anonymous_13)
FNDA:945,(anonymous_14)
FNDA:105,(anonymous_15)
FNDA:784,(anonymous_16)
FNDA:105,(anonymous_17)
FNDA:11,(anonymous_18)
FNDA:33,(anonymous_19)
FNDA:99,(anonymous_20)
FNDA:117,(anonymous_21)
FNDA:315,(anonymous_22)
FNDA:34,(anonymous_23)
FNDA:119,(anonymous_24)
FNDA:208,(anonymous_25)
FNDA:11,(anonymous_26)
FNDA:11,(anonymous_27)
FNDA:22,(anonymous_28)
FNDA:13,(anonymous_29)
DA:2,40
DA:4,1
DA:6,1
DA:7,3
DA:8,3
DA:9,3
DA:13,1
DA:14,1
DA:15,3
DA:16,3
DA:17,9
DA:18,9
DA:19,9
DA:24,1
DA:26,3
DA:27,3
DA:33,1
DA:36,1
DA:37,1006
DA:38,0
DA:40,1006
DA:41,3018
DA:42,0
DA:44,3018
DA:46,9054
DA:49,0
DA:55,1
DA:56,105
DA:57,0
DA:58,0
DA:60,105
DA:61,315
DA:62,945
DA:63,205
DA:65,740
DA:72,105
DA:73,784
DA:74,784
DA:75,1248
DA:76,2869
DA:77,776
DA:81,8
DA:85,1
DA:86,105
DA:87,105
DA:95,1
DA:96,11
DA:99,99
DA:106,1
DA:107,117
DA:108,117
DA:109,2
DA:111,115
DA:112,115
DA:113,1
DA:115,114
DA:116,2
DA:118,112
DA:119,4
DA:121,108
DA:122,2
DA:124,106
DA:125,1
DA:127,105
DA:128,315
DA:129,315
DA:130,105
DA:132,315
DA:134,105
DA:138,1
DA:139,34
DA:140,34
DA:141,34
DA:142,34
DA:143,34
DA:144,34
DA:145,34
DA:147,119
DA:148,1
DA:149,1
DA:151,118
DA:152,1
DA:153,1
DA:155,117
DA:156,105
DA:157,105
DA:158,105
DA:159,105
DA:160,105
DA:161,8
DA:162,8
DA:164,105
DA:165,2
DA:168,208
DA:169,11
DA:170,11
DA:171,22
DA:172,13
DA:181,1
LF:99
LH:94
BRDA:26,0,0,3
BRDA:26,0,1,2
BRDA:26,1,0,3
BRDA:26,1,1,2
BRDA:26,2,0,3
BRDA:26,2,1,2
BRDA:27,3,0,3
BRDA:27,3,1,2
BRDA:27,4,0,3
BRDA:27,4,1,2
BRDA:27,5,0,3
BRDA:27,5,1,2
BRDA:37,6,0,0
BRDA:37,6,1,1006
BRDA:37,7,0,1006
BRDA:37,7,1,1006
BRDA:37,7,2,1006
BRDA:41,8,0,0
BRDA:41,8,1,3018
BRDA:41,9,0,3018
BRDA:41,9,1,3018
BRDA:41,9,2,3018
BRDA:44,10,0,0
BRDA:44,10,1,3018
BRDA:46,11,0,9054
BRDA:46,11,1,8746
BRDA:46,11,2,8454
BRDA:46,11,3,1472
BRDA:56,12,0,0
BRDA:56,12,1,105
BRDA:56,13,0,105
BRDA:56,13,1,50
BRDA:62,14,0,205
BRDA:62,14,1,740
BRDA:76,15,0,776
BRDA:76,15,1,2093
BRDA:76,16,0,2869
BRDA:76,16,1,1113
BRDA:99,17,0,37
BRDA:99,17,1,62
BRDA:108,18,0,2
BRDA:108,18,1,115
BRDA:108,19,0,117
BRDA:108,19,1,116
BRDA:112,20,0,1
BRDA:112,20,1,114
BRDA:112,21,0,115
BRDA:112,21,1,114
BRDA:115,22,0,2
BRDA:115,22,1,112
BRDA:115,23,0,114
BRDA:115,23,1,112
BRDA:118,24,0,4
BRDA:118,24,1,108
BRDA:118,25,0,112
BRDA:118,25,1,109
BRDA:121,26,0,2
BRDA:121,26,1,106
BRDA:121,27,0,108
BRDA:121,27,1,53
BRDA:124,28,0,1
BRDA:124,28,1,105
BRDA:129,29,0,105
BRDA:129,29,1,210
BRDA:147,30,0,1
BRDA:147,30,1,118
BRDA:151,31,0,1
BRDA:151,31,1,117
BRDA:158,32,0,24
BRDA:158,32,1,81
BRDA:160,33,0,8
BRDA:160,33,1,97
BRDA:164,34,0,2
BRDA:164,34,1,103
BRF:74
BRH:70
end_of_record
TN:
SF:utils.js
FN:3,playbackGame
FN:25,(anonymous_1)
FN:28,(anonymous_2)
FN:30,shuffle
FN:39,(anonymous_4)
FN:82,categorize
FN:90,(anonymous_6)
FN:91,(anonymous_7)
FN:115,(anonymous_8)
FN:118,(anonymous_9)
FN:119,(anonymous_10)
FN:121,(anonymous_11)
FN:123,(anonymous_12)
FN:125,(anonymous_13)
FN:127,(anonymous_14)
FN:129,(anonymous_15)
FN:131,(anonymous_16)
FN:134,(anonymous_17)
FN:137,(anonymous_18)
FN:138,(anonymous_19)
FN:140,(anonymous_20)
FN:141,(anonymous_21)
FNF:22
FNH:1
FNDA:22,playbackGame
FNDA:0,(anonymous_1)
FNDA:0,(anonymous_2)
FNDA:0,shuffle
FNDA:0,(anonymous_4)
FNDA:0,categorize
FNDA:0,(anonymous_6)
FNDA:0,(anonymous_7)
FNDA:0,(anonymous_8)
FNDA:0,(anonymous_9)
FNDA:0,(anonymous_10)
FNDA:0,(anonymous_11)
FNDA:0,(anonymous_12)
FNDA:0,(anonymous_13)
FNDA:0,(anonymous_14)
FNDA:0,(anonymous_15)
FNDA:0,(anonymous_16)
FNDA:0,(anonymous_17)
FNDA:0,(anonymous_18)
FNDA:0,(anonymous_19)
FNDA:0,(anonymous_20)
FNDA:0,(anonymous_21)
DA:1,1
DA:4,22
DA:5,22
DA:6,22
DA:7,22
DA:8,101
DA:10,101
DA:11,101
DA:12,10
DA:13,10
DA:14,2
DA:15,2
DA:17,8
DA:20,99
DA:22,20
DA:25,1
DA:26,0
DA:28,0
DA:31,0
DA:32,0
DA:33,0
DA:34,0
DA:36,0
DA:39,1
DA:83,0
DA:84,0
DA:86,0
DA:87,0
DA:88,0
DA:90,0
DA:91,0
DA:93,0
DA:94,0
DA:96,0
DA:97,0
DA:98,0
DA:99,0
DA:100,0
DA:101,0
DA:105,0
DA:106,0
DA:109,0
DA:110,0
DA:112,0
DA:115,1
DA:116,0
DA:118,1
DA:119,0
DA:121,1
DA:123,1
DA:125,1
DA:127,1
DA:129,1
DA:131,1
DA:132,0
DA:134,0
DA:137,1
DA:138,0
DA:140,1
DA:141,0
DA:143,1
LF:61
LH:28
BRDA:3,0,0,22
BRDA:5,1,0,22
BRDA:5,1,1,22
BRDA:7,2,0,121
BRDA:7,2,1,101
BRDA:8,3,0,101
BRDA:8,3,1,101
BRDA:11,4,0,10
BRDA:11,4,1,91
BRDA:12,5,0,10
BRDA:12,5,1,10
BRDA:13,6,0,2
BRDA:13,6,1,8
BRDA:14,7,0,2
BRDA:14,7,1,2
BRDA:17,8,0,8
BRDA:17,8,1,8
BRDA:83,9,0,0
BRDA:83,9,1,0
BRDA:87,10,0,0
BRDA:87,10,1,0
BRDA:87,11,0,0
BRDA:87,11,1,0
BRDA:91,12,0,0
BRDA:91,12,1,0
BRDA:100,13,0,0
BRDA:100,13,1,0
BRDA:100,14,0,0
BRDA:100,14,1,0
BRDA:105,15,0,0
BRDA:105,15,1,0
BRDA:109,16,0,0
BRDA:109,16,1,0
BRDA:116,17,0,0
BRDA:116,17,1,0
BRDA:116,18,0,0
BRDA:116,18,1,0
BRDA:118,19,0,0
BRDA:140,20,0,0
BRF:39
BRH:17
end_of_record
